<?xml version="1.0" encoding="utf-8"?>
<CoverageSession xmlns:xsd="http://www.w3.org/2001/XMLSchema" xmlns:xsi="http://www.w3.org/2001/XMLSchema-instance" Version="4.7.922.0">
  <Summary numSequencePoints="1186" visitedSequencePoints="187" numBranchPoints="356" visitedBranchPoints="46" sequenceCoverage="15.77" branchCoverage="12.92" maxCyclomaticComplexity="38" minCyclomaticComplexity="1" maxCrapScore="1482" minCrapScore="1" visitedClasses="5" numClasses="15" visitedMethods="22" numMethods="111" />
  <Modules>
    <Module hash="63-B7-DB-DB-CF-0C-DE-E3-B0-2F-FE-97-CB-5A-39-8B-CC-6F-9D-70">
      <Summary numSequencePoints="40" visitedSequencePoints="40" numBranchPoints="8" visitedBranchPoints="8" sequenceCoverage="100" branchCoverage="100" maxCyclomaticComplexity="1" minCyclomaticComplexity="0" maxCrapScore="2" minCrapScore="0" visitedClasses="1" numClasses="1" visitedMethods="8" numMethods="8" />
      <ModulePath>F:\С решётка\ConsoleApp6\UnitTestProject2\bin\Debug\fine-code-coverage\build-output\UnitTestProject2.dll</ModulePath>
      <ModuleTime>2021-04-18T10:47:52.8599762Z</ModuleTime>
      <ModuleName>UnitTestProject2</ModuleName>
      <Files>
        <File uid="1" fullPath="F:\С решётка\ConsoleApp6\UnitTestProject2\UnitTest1.cs" />
      </Files>
      <Classes>
        <Class>
          <Summary numSequencePoints="40" visitedSequencePoints="40" numBranchPoints="8" visitedBranchPoints="8" sequenceCoverage="100" branchCoverage="100" maxCyclomaticComplexity="1" minCyclomaticComplexity="1" maxCrapScore="2" minCrapScore="1" visitedClasses="1" numClasses="1" visitedMethods="8" numMethods="8" />
          <FullName>UnitTestProject2.UnitTest1</FullName>
          <Methods>
            <Method visited="true" cyclomaticComplexity="1" nPathComplexity="0" sequenceCoverage="100" branchCoverage="100" crapScore="1" isConstructor="false" isStatic="false" isGetter="false" isSetter="false">
              <Summary numSequencePoints="4" visitedSequencePoints="4" numBranchPoints="1" visitedBranchPoints="1" sequenceCoverage="100" branchCoverage="100" maxCyclomaticComplexity="1" minCyclomaticComplexity="1" maxCrapScore="1" minCrapScore="1" visitedClasses="0" numClasses="0" visitedMethods="1" numMethods="1" />
              <MetadataToken>100663297</MetadataToken>
              <Name>System.Void UnitTestProject2.UnitTest1::TestListLength0()</Name>
              <FileRef uid="1" />
              <SequencePoints>
                <SequencePoint vc="1" uspid="1" ordinal="0" offset="0" sl="11" sc="9" el="11" ec="10" bec="0" bev="0" fileid="1" />
                <SequencePoint vc="1" uspid="2" ordinal="1" offset="1" sl="12" sc="13" el="12" ec="43" bec="0" bev="0" fileid="1" />
                <SequencePoint vc="1" uspid="3" ordinal="2" offset="7" sl="13" sc="13" el="13" ec="42" bec="0" bev="0" fileid="1" />
                <SequencePoint vc="1" uspid="4" ordinal="3" offset="20" sl="14" sc="9" el="14" ec="10" bec="0" bev="0" fileid="1" />
              </SequencePoints>
              <BranchPoints />
              <MethodPoint xsi:type="SequencePoint" vc="1" uspid="1" ordinal="0" offset="0" sl="11" sc="9" el="11" ec="10" bec="0" bev="0" fileid="1" />
            </Method>
            <Method visited="true" cyclomaticComplexity="1" nPathComplexity="0" sequenceCoverage="100" branchCoverage="100" crapScore="1" isConstructor="false" isStatic="false" isGetter="false" isSetter="false">
              <Summary numSequencePoints="4" visitedSequencePoints="4" numBranchPoints="1" visitedBranchPoints="1" sequenceCoverage="100" branchCoverage="100" maxCyclomaticComplexity="1" minCyclomaticComplexity="1" maxCrapScore="1" minCrapScore="1" visitedClasses="0" numClasses="0" visitedMethods="1" numMethods="1" />
              <MetadataToken>100663298</MetadataToken>
              <Name>System.Void UnitTestProject2.UnitTest1::TestListLengthMas()</Name>
              <FileRef uid="1" />
              <SequencePoints>
                <SequencePoint vc="1" uspid="5" ordinal="0" offset="0" sl="17" sc="9" el="17" ec="10" bec="0" bev="0" fileid="1" />
                <SequencePoint vc="1" uspid="6" ordinal="1" offset="1" sl="18" sc="13" el="18" ec="52" bec="0" bev="0" fileid="1" />
                <SequencePoint vc="1" uspid="7" ordinal="2" offset="24" sl="19" sc="13" el="19" ec="42" bec="0" bev="0" fileid="1" />
                <SequencePoint vc="1" uspid="8" ordinal="3" offset="37" sl="20" sc="9" el="20" ec="10" bec="0" bev="0" fileid="1" />
              </SequencePoints>
              <BranchPoints />
              <MethodPoint xsi:type="SequencePoint" vc="1" uspid="5" ordinal="0" offset="0" sl="17" sc="9" el="17" ec="10" bec="0" bev="0" fileid="1" />
            </Method>
            <Method visited="true" cyclomaticComplexity="1" nPathComplexity="0" sequenceCoverage="100" branchCoverage="100" crapScore="1" isConstructor="false" isStatic="false" isGetter="false" isSetter="false">
              <Summary numSequencePoints="4" visitedSequencePoints="4" numBranchPoints="1" visitedBranchPoints="1" sequenceCoverage="100" branchCoverage="100" maxCyclomaticComplexity="1" minCyclomaticComplexity="1" maxCrapScore="1" minCrapScore="1" visitedClasses="0" numClasses="0" visitedMethods="1" numMethods="1" />
              <MetadataToken>100663299</MetadataToken>
              <Name>System.Void UnitTestProject2.UnitTest1::TestListLength()</Name>
              <FileRef uid="1" />
              <SequencePoints>
                <SequencePoint vc="1" uspid="9" ordinal="0" offset="0" sl="23" sc="9" el="23" ec="10" bec="0" bev="0" fileid="1" />
                <SequencePoint vc="1" uspid="10" ordinal="1" offset="1" sl="24" sc="13" el="24" ec="44" bec="0" bev="0" fileid="1" />
                <SequencePoint vc="1" uspid="11" ordinal="2" offset="8" sl="25" sc="13" el="25" ec="42" bec="0" bev="0" fileid="1" />
                <SequencePoint vc="1" uspid="12" ordinal="3" offset="21" sl="26" sc="9" el="26" ec="10" bec="0" bev="0" fileid="1" />
              </SequencePoints>
              <BranchPoints />
              <MethodPoint xsi:type="SequencePoint" vc="1" uspid="9" ordinal="0" offset="0" sl="23" sc="9" el="23" ec="10" bec="0" bev="0" fileid="1" />
            </Method>
            <Method visited="true" cyclomaticComplexity="1" nPathComplexity="0" sequenceCoverage="100" branchCoverage="100" crapScore="1" isConstructor="false" isStatic="false" isGetter="false" isSetter="false">
              <Summary numSequencePoints="5" visitedSequencePoints="5" numBranchPoints="1" visitedBranchPoints="1" sequenceCoverage="100" branchCoverage="100" maxCyclomaticComplexity="1" minCyclomaticComplexity="1" maxCrapScore="1" minCrapScore="1" visitedClasses="0" numClasses="0" visitedMethods="1" numMethods="1" />
              <MetadataToken>100663300</MetadataToken>
              <Name>System.Void UnitTestProject2.UnitTest1::TestRemove2Cutable()</Name>
              <FileRef uid="1" />
              <SequencePoints>
                <SequencePoint vc="1" uspid="13" ordinal="0" offset="0" sl="29" sc="9" el="29" ec="10" bec="0" bev="0" fileid="1" />
                <SequencePoint vc="1" uspid="14" ordinal="1" offset="1" sl="30" sc="13" el="30" ec="56" bec="0" bev="0" fileid="1" />
                <SequencePoint vc="1" uspid="15" ordinal="2" offset="24" sl="31" sc="13" el="31" ec="32" bec="0" bev="0" fileid="1" />
                <SequencePoint vc="1" uspid="16" ordinal="3" offset="31" sl="32" sc="13" el="32" ec="41" bec="0" bev="0" fileid="1" />
                <SequencePoint vc="1" uspid="17" ordinal="4" offset="44" sl="33" sc="9" el="33" ec="10" bec="0" bev="0" fileid="1" />
              </SequencePoints>
              <BranchPoints />
              <MethodPoint xsi:type="SequencePoint" vc="1" uspid="13" ordinal="0" offset="0" sl="29" sc="9" el="29" ec="10" bec="0" bev="0" fileid="1" />
            </Method>
            <Method visited="true" cyclomaticComplexity="1" nPathComplexity="0" sequenceCoverage="100" branchCoverage="100" crapScore="1" isConstructor="false" isStatic="false" isGetter="false" isSetter="false">
              <Summary numSequencePoints="4" visitedSequencePoints="4" numBranchPoints="1" visitedBranchPoints="1" sequenceCoverage="100" branchCoverage="100" maxCyclomaticComplexity="1" minCyclomaticComplexity="1" maxCrapScore="1" minCrapScore="1" visitedClasses="0" numClasses="0" visitedMethods="1" numMethods="1" />
              <MetadataToken>100663301</MetadataToken>
              <Name>System.Void UnitTestProject2.UnitTest1::TestTwoSideLinkedListLength0()</Name>
              <FileRef uid="1" />
              <SequencePoints>
                <SequencePoint vc="1" uspid="18" ordinal="0" offset="0" sl="36" sc="9" el="36" ec="10" bec="0" bev="0" fileid="1" />
                <SequencePoint vc="1" uspid="19" ordinal="1" offset="1" sl="37" sc="13" el="37" ec="69" bec="0" bev="0" fileid="1" />
                <SequencePoint vc="1" uspid="20" ordinal="2" offset="7" sl="38" sc="13" el="38" ec="42" bec="0" bev="0" fileid="1" />
                <SequencePoint vc="1" uspid="21" ordinal="3" offset="20" sl="39" sc="9" el="39" ec="10" bec="0" bev="0" fileid="1" />
              </SequencePoints>
              <BranchPoints />
              <MethodPoint xsi:type="SequencePoint" vc="1" uspid="18" ordinal="0" offset="0" sl="36" sc="9" el="36" ec="10" bec="0" bev="0" fileid="1" />
            </Method>
            <Method visited="true" cyclomaticComplexity="1" nPathComplexity="0" sequenceCoverage="100" branchCoverage="100" crapScore="1" isConstructor="false" isStatic="false" isGetter="false" isSetter="false">
              <Summary numSequencePoints="4" visitedSequencePoints="4" numBranchPoints="1" visitedBranchPoints="1" sequenceCoverage="100" branchCoverage="100" maxCyclomaticComplexity="1" minCyclomaticComplexity="1" maxCrapScore="1" minCrapScore="1" visitedClasses="0" numClasses="0" visitedMethods="1" numMethods="1" />
              <MetadataToken>100663302</MetadataToken>
              <Name>System.Void UnitTestProject2.UnitTest1::TestTwoSideLinkedListLengthMas()</Name>
              <FileRef uid="1" />
              <SequencePoints>
                <SequencePoint vc="1" uspid="22" ordinal="0" offset="0" sl="42" sc="9" el="42" ec="10" bec="0" bev="0" fileid="1" />
                <SequencePoint vc="1" uspid="23" ordinal="1" offset="1" sl="43" sc="13" el="43" ec="82" bec="0" bev="0" fileid="1" />
                <SequencePoint vc="1" uspid="24" ordinal="2" offset="24" sl="44" sc="13" el="44" ec="42" bec="0" bev="0" fileid="1" />
                <SequencePoint vc="1" uspid="25" ordinal="3" offset="37" sl="45" sc="9" el="45" ec="10" bec="0" bev="0" fileid="1" />
              </SequencePoints>
              <BranchPoints />
              <MethodPoint xsi:type="SequencePoint" vc="1" uspid="22" ordinal="0" offset="0" sl="42" sc="9" el="42" ec="10" bec="0" bev="0" fileid="1" />
            </Method>
            <Method visited="true" cyclomaticComplexity="1" nPathComplexity="0" sequenceCoverage="100" branchCoverage="100" crapScore="1" isConstructor="false" isStatic="false" isGetter="false" isSetter="false">
              <Summary numSequencePoints="4" visitedSequencePoints="4" numBranchPoints="1" visitedBranchPoints="1" sequenceCoverage="100" branchCoverage="100" maxCyclomaticComplexity="1" minCyclomaticComplexity="1" maxCrapScore="1" minCrapScore="1" visitedClasses="0" numClasses="0" visitedMethods="1" numMethods="1" />
              <MetadataToken>100663303</MetadataToken>
              <Name>System.Void UnitTestProject2.UnitTest1::TestTwoSideLinkedListLength()</Name>
              <FileRef uid="1" />
              <SequencePoints>
                <SequencePoint vc="1" uspid="26" ordinal="0" offset="0" sl="48" sc="9" el="48" ec="10" bec="0" bev="0" fileid="1" />
                <SequencePoint vc="1" uspid="27" ordinal="1" offset="1" sl="49" sc="13" el="49" ec="70" bec="0" bev="0" fileid="1" />
                <SequencePoint vc="1" uspid="28" ordinal="2" offset="8" sl="50" sc="13" el="50" ec="42" bec="0" bev="0" fileid="1" />
                <SequencePoint vc="1" uspid="29" ordinal="3" offset="21" sl="51" sc="9" el="51" ec="10" bec="0" bev="0" fileid="1" />
              </SequencePoints>
              <BranchPoints />
              <MethodPoint xsi:type="SequencePoint" vc="1" uspid="26" ordinal="0" offset="0" sl="48" sc="9" el="48" ec="10" bec="0" bev="0" fileid="1" />
            </Method>
            <Method visited="true" cyclomaticComplexity="1" nPathComplexity="0" sequenceCoverage="100" branchCoverage="100" crapScore="1" isConstructor="false" isStatic="false" isGetter="false" isSetter="false">
              <Summary numSequencePoints="11" visitedSequencePoints="11" numBranchPoints="1" visitedBranchPoints="1" sequenceCoverage="100" branchCoverage="100" maxCyclomaticComplexity="1" minCyclomaticComplexity="1" maxCrapScore="1" minCrapScore="1" visitedClasses="0" numClasses="0" visitedMethods="1" numMethods="1" />
              <MetadataToken>100663304</MetadataToken>
              <Name>System.Void UnitTestProject2.UnitTest1::TestTwoSideLinkedRemove2Cutable()</Name>
              <FileRef uid="1" />
              <SequencePoints>
                <SequencePoint vc="1" uspid="30" ordinal="0" offset="0" sl="54" sc="9" el="54" ec="10" bec="0" bev="0" fileid="1" />
                <SequencePoint vc="1" uspid="31" ordinal="1" offset="1" sl="55" sc="13" el="55" ec="83" bec="0" bev="0" fileid="1" />
                <SequencePoint vc="1" uspid="32" ordinal="2" offset="24" sl="56" sc="13" el="56" ec="36" bec="0" bev="0" fileid="1" />
                <SequencePoint vc="1" uspid="33" ordinal="3" offset="31" sl="57" sc="13" el="57" ec="24" bec="0" bev="0" fileid="1" />
                <SequencePoint vc="1" uspid="34" ordinal="4" offset="35" sl="58" sc="13" el="58" ec="24" bec="0" bev="0" fileid="1" />
                <SequencePoint vc="1" uspid="35" ordinal="5" offset="39" sl="59" sc="13" el="59" ec="24" bec="0" bev="0" fileid="1" />
                <SequencePoint vc="1" uspid="36" ordinal="6" offset="43" sl="60" sc="13" el="60" ec="24" bec="0" bev="0" fileid="1" />
                <SequencePoint vc="1" uspid="37" ordinal="7" offset="47" sl="61" sc="13" el="61" ec="24" bec="0" bev="0" fileid="1" />
                <SequencePoint vc="1" uspid="38" ordinal="8" offset="52" sl="62" sc="13" el="62" ec="38" bec="0" bev="0" fileid="1" />
                <SequencePoint vc="1" uspid="39" ordinal="9" offset="60" sl="63" sc="13" el="63" ec="43" bec="0" bev="0" fileid="1" />
                <SequencePoint vc="1" uspid="40" ordinal="10" offset="74" sl="64" sc="9" el="64" ec="10" bec="0" bev="0" fileid="1" />
              </SequencePoints>
              <BranchPoints />
              <MethodPoint xsi:type="SequencePoint" vc="1" uspid="30" ordinal="0" offset="0" sl="54" sc="9" el="54" ec="10" bec="0" bev="0" fileid="1" />
            </Method>
            <Method visited="false" cyclomaticComplexity="1" nPathComplexity="0" sequenceCoverage="0" branchCoverage="0" crapScore="2" isConstructor="true" isStatic="false" isGetter="false" isSetter="false">
              <Summary numSequencePoints="0" visitedSequencePoints="0" numBranchPoints="0" visitedBranchPoints="0" sequenceCoverage="0" branchCoverage="0" maxCyclomaticComplexity="1" minCyclomaticComplexity="1" maxCrapScore="2" minCrapScore="2" visitedClasses="0" numClasses="0" visitedMethods="0" numMethods="0" />
              <MetadataToken>100663305</MetadataToken>
              <Name>System.Void UnitTestProject2.UnitTest1::.ctor()</Name>
              <SequencePoints />
              <BranchPoints />
              <MethodPoint vc="0" uspid="41" ordinal="0" offset="0" />
            </Method>
          </Methods>
        </Class>
      </Classes>
    </Module>
    <Module hash="46-AE-0B-5B-D5-9F-7C-48-70-6E-D7-81-29-A3-63-05-D8-10-BF-72">
      <Summary numSequencePoints="1146" visitedSequencePoints="147" numBranchPoints="348" visitedBranchPoints="38" sequenceCoverage="12.83" branchCoverage="10.92" maxCyclomaticComplexity="38" minCyclomaticComplexity="1" maxCrapScore="1482" minCrapScore="1" visitedClasses="4" numClasses="14" visitedMethods="14" numMethods="103" />
      <ModulePath>F:\С решётка\ConsoleApp6\UnitTestProject2\bin\Debug\fine-code-coverage\build-output\ConsoleApp6.exe</ModulePath>
      <ModuleTime>2021-04-18T10:47:50.6672221Z</ModuleTime>
      <ModuleName>ConsoleApp6</ModuleName>
      <Files>
        <File uid="3" fullPath="F:\С решётка\ConsoleApp6\ConsoleApp6\TwoSideLinkedPoint.cs" />
        <File uid="4" fullPath="F:\С решётка\ConsoleApp6\ConsoleApp6\ArmyMan.cs" />
        <File uid="5" fullPath="F:\С решётка\ConsoleApp6\ConsoleApp6\BTree.cs" />
        <File uid="6" fullPath="F:\С решётка\ConsoleApp6\ConsoleApp6\BTreeElem.cs" />
        <File uid="7" fullPath="F:\С решётка\ConsoleApp6\ConsoleApp6\EnemyArmyMan.cs" />
        <File uid="8" fullPath="F:\С решётка\ConsoleApp6\ConsoleApp6\Engineer.cs" />
        <File uid="9" fullPath="F:\С решётка\ConsoleApp6\ConsoleApp6\List.cs" />
        <File uid="10" fullPath="F:\С решётка\ConsoleApp6\ConsoleApp6\Point.cs" />
        <File uid="11" fullPath="F:\С решётка\ConsoleApp6\ConsoleApp6\SortbyName.cs" />
        <File uid="12" fullPath="F:\С решётка\ConsoleApp6\ConsoleApp6\TestCollections.cs" />
        <File uid="13" fullPath="F:\С решётка\ConsoleApp6\ConsoleApp6\TwoSideLinkedList.cs" />
        <File uid="14" fullPath="F:\С решётка\ConsoleApp6\ConsoleApp6\Worker.cs" />
        <File uid="15" fullPath="F:\С решётка\ConsoleApp6\ConsoleApp6\Person.cs" />
        <File uid="16" fullPath="F:\С решётка\ConsoleApp6\ConsoleApp6\Program.cs" />
      </Files>
      <Classes>
        <Class>
          <Summary numSequencePoints="15" visitedSequencePoints="12" numBranchPoints="3" visitedBranchPoints="2" sequenceCoverage="80" branchCoverage="66.67" maxCyclomaticComplexity="1" minCyclomaticComplexity="1" maxCrapScore="2" minCrapScore="1" visitedClasses="1" numClasses="1" visitedMethods="2" numMethods="3" />
          <FullName>ClassLibrary1.TwoSideLinkedPoint`1</FullName>
          <Methods>
            <Method visited="true" cyclomaticComplexity="1" nPathComplexity="0" sequenceCoverage="100" branchCoverage="100" crapScore="1" isConstructor="true" isStatic="false" isGetter="false" isSetter="false">
              <Summary numSequencePoints="6" visitedSequencePoints="6" numBranchPoints="1" visitedBranchPoints="1" sequenceCoverage="100" branchCoverage="100" maxCyclomaticComplexity="1" minCyclomaticComplexity="1" maxCrapScore="1" minCrapScore="1" visitedClasses="0" numClasses="0" visitedMethods="1" numMethods="1" />
              <MetadataToken>100663297</MetadataToken>
              <Name>System.Void ClassLibrary1.TwoSideLinkedPoint`1::.ctor()</Name>
              <FileRef uid="3" />
              <SequencePoints>
                <SequencePoint vc="7" uspid="42" ordinal="0" offset="0" sl="14" sc="9" el="14" ec="36" bec="0" bev="0" fileid="3" />
                <SequencePoint vc="7" uspid="43" ordinal="1" offset="7" sl="15" sc="9" el="15" ec="10" bec="0" bev="0" fileid="3" />
                <SequencePoint vc="7" uspid="44" ordinal="2" offset="8" sl="16" sc="13" el="16" ec="31" bec="0" bev="0" fileid="3" />
                <SequencePoint vc="7" uspid="45" ordinal="3" offset="20" sl="17" sc="13" el="17" ec="25" bec="0" bev="0" fileid="3" />
                <SequencePoint vc="7" uspid="46" ordinal="4" offset="27" sl="18" sc="13" el="18" ec="25" bec="0" bev="0" fileid="3" />
                <SequencePoint vc="7" uspid="47" ordinal="5" offset="34" sl="19" sc="9" el="19" ec="10" bec="0" bev="0" fileid="3" />
              </SequencePoints>
              <BranchPoints />
              <MethodPoint xsi:type="SequencePoint" vc="7" uspid="42" ordinal="0" offset="0" sl="14" sc="9" el="14" ec="36" bec="0" bev="0" fileid="3" />
            </Method>
            <Method visited="true" cyclomaticComplexity="1" nPathComplexity="0" sequenceCoverage="100" branchCoverage="100" crapScore="1" isConstructor="true" isStatic="false" isGetter="false" isSetter="false">
              <Summary numSequencePoints="6" visitedSequencePoints="6" numBranchPoints="1" visitedBranchPoints="1" sequenceCoverage="100" branchCoverage="100" maxCyclomaticComplexity="1" minCyclomaticComplexity="1" maxCrapScore="1" minCrapScore="1" visitedClasses="0" numClasses="0" visitedMethods="1" numMethods="1" />
              <MetadataToken>100663298</MetadataToken>
              <Name>System.Void ClassLibrary1.TwoSideLinkedPoint`1::.ctor(T)</Name>
              <FileRef uid="3" />
              <SequencePoints>
                <SequencePoint vc="13" uspid="48" ordinal="0" offset="0" sl="20" sc="9" el="20" ec="39" bec="0" bev="0" fileid="3" />
                <SequencePoint vc="13" uspid="49" ordinal="1" offset="7" sl="21" sc="9" el="21" ec="10" bec="0" bev="0" fileid="3" />
                <SequencePoint vc="13" uspid="50" ordinal="2" offset="8" sl="22" sc="13" el="22" ec="22" bec="0" bev="0" fileid="3" />
                <SequencePoint vc="13" uspid="51" ordinal="3" offset="15" sl="23" sc="13" el="23" ec="25" bec="0" bev="0" fileid="3" />
                <SequencePoint vc="13" uspid="52" ordinal="4" offset="22" sl="24" sc="13" el="24" ec="25" bec="0" bev="0" fileid="3" />
                <SequencePoint vc="13" uspid="53" ordinal="5" offset="29" sl="25" sc="9" el="25" ec="10" bec="0" bev="0" fileid="3" />
              </SequencePoints>
              <BranchPoints />
              <MethodPoint xsi:type="SequencePoint" vc="13" uspid="48" ordinal="0" offset="0" sl="20" sc="9" el="20" ec="39" bec="0" bev="0" fileid="3" />
            </Method>
            <Method visited="false" cyclomaticComplexity="1" nPathComplexity="0" sequenceCoverage="0" branchCoverage="0" crapScore="2" isConstructor="false" isStatic="false" isGetter="false" isSetter="false">
              <Summary numSequencePoints="3" visitedSequencePoints="0" numBranchPoints="1" visitedBranchPoints="0" sequenceCoverage="0" branchCoverage="0" maxCyclomaticComplexity="1" minCyclomaticComplexity="1" maxCrapScore="2" minCrapScore="2" visitedClasses="0" numClasses="0" visitedMethods="0" numMethods="1" />
              <MetadataToken>100663299</MetadataToken>
              <Name>System.String ClassLibrary1.TwoSideLinkedPoint`1::ToString()</Name>
              <FileRef uid="3" />
              <SequencePoints>
                <SequencePoint vc="0" uspid="54" ordinal="0" offset="0" sl="27" sc="9" el="27" ec="10" bec="0" bev="0" fileid="3" />
                <SequencePoint vc="0" uspid="55" ordinal="1" offset="1" sl="28" sc="13" el="28" ec="42" bec="0" bev="0" fileid="3" />
                <SequencePoint vc="0" uspid="56" ordinal="2" offset="31" sl="29" sc="9" el="29" ec="10" bec="0" bev="0" fileid="3" />
              </SequencePoints>
              <BranchPoints />
              <MethodPoint xsi:type="SequencePoint" vc="0" uspid="54" ordinal="0" offset="0" sl="27" sc="9" el="27" ec="10" bec="0" bev="0" fileid="3" />
            </Method>
          </Methods>
        </Class>
        <Class>
          <Summary numSequencePoints="54" visitedSequencePoints="0" numBranchPoints="23" visitedBranchPoints="0" sequenceCoverage="0" branchCoverage="0" maxCyclomaticComplexity="4" minCyclomaticComplexity="1" maxCrapScore="20" minCrapScore="2" visitedClasses="0" numClasses="1" visitedMethods="0" numMethods="11" />
          <FullName>ConsoleApp6.ArmyMan</FullName>
          <Methods>
            <Method visited="false" cyclomaticComplexity="1" nPathComplexity="0" sequenceCoverage="0" branchCoverage="0" crapScore="2" isConstructor="false" isStatic="false" isGetter="true" isSetter="false">
              <Summary numSequencePoints="3" visitedSequencePoints="0" numBranchPoints="1" visitedBranchPoints="0" sequenceCoverage="0" branchCoverage="0" maxCyclomaticComplexity="1" minCyclomaticComplexity="1" maxCrapScore="2" minCrapScore="2" visitedClasses="0" numClasses="0" visitedMethods="0" numMethods="1" />
              <MetadataToken>100663300</MetadataToken>
              <Name>System.Int32 ConsoleApp6.ArmyMan::get_WorkExperience()</Name>
              <FileRef uid="4" />
              <SequencePoints>
                <SequencePoint vc="0" uspid="57" ordinal="0" offset="0" sl="15" sc="13" el="15" ec="14" bec="0" bev="0" fileid="4" />
                <SequencePoint vc="0" uspid="58" ordinal="1" offset="1" sl="16" sc="17" el="16" ec="39" bec="0" bev="0" fileid="4" />
                <SequencePoint vc="0" uspid="59" ordinal="2" offset="10" sl="17" sc="13" el="17" ec="14" bec="0" bev="0" fileid="4" />
              </SequencePoints>
              <BranchPoints />
              <MethodPoint xsi:type="SequencePoint" vc="0" uspid="57" ordinal="0" offset="0" sl="15" sc="13" el="15" ec="14" bec="0" bev="0" fileid="4" />
            </Method>
            <Method visited="false" cyclomaticComplexity="2" nPathComplexity="2" sequenceCoverage="0" branchCoverage="0" crapScore="6" isConstructor="false" isStatic="false" isGetter="false" isSetter="true">
              <Summary numSequencePoints="8" visitedSequencePoints="0" numBranchPoints="3" visitedBranchPoints="0" sequenceCoverage="0" branchCoverage="0" maxCyclomaticComplexity="2" minCyclomaticComplexity="2" maxCrapScore="6" minCrapScore="6" visitedClasses="0" numClasses="0" visitedMethods="0" numMethods="1" />
              <MetadataToken>100663301</MetadataToken>
              <Name>System.Void ConsoleApp6.ArmyMan::set_WorkExperience(System.Int32)</Name>
              <FileRef uid="4" />
              <SequencePoints>
                <SequencePoint vc="0" uspid="60" ordinal="0" offset="0" sl="19" sc="13" el="19" ec="14" bec="0" bev="0" fileid="4" />
                <SequencePoint vc="0" uspid="61" ordinal="1" offset="1" sl="20" sc="17" el="20" ec="32" bec="2" bev="0" fileid="4" />
                <SequencePoint vc="0" uspid="62" ordinal="2" offset="12" sl="21" sc="21" el="21" ec="44" bec="0" bev="0" fileid="4" />
                <SequencePoint vc="0" uspid="63" ordinal="3" offset="21" sl="23" sc="17" el="23" ec="18" bec="0" bev="0" fileid="4" />
                <SequencePoint vc="0" uspid="64" ordinal="4" offset="22" sl="24" sc="21" el="24" ec="49" bec="0" bev="0" fileid="4" />
                <SequencePoint vc="0" uspid="65" ordinal="5" offset="33" sl="25" sc="21" el="25" ec="40" bec="0" bev="0" fileid="4" />
                <SequencePoint vc="0" uspid="66" ordinal="6" offset="40" sl="26" sc="17" el="26" ec="18" bec="0" bev="0" fileid="4" />
                <SequencePoint vc="0" uspid="67" ordinal="7" offset="41" sl="27" sc="13" el="27" ec="14" bec="0" bev="0" fileid="4" />
              </SequencePoints>
              <BranchPoints>
                <BranchPoint vc="0" uspid="68" ordinal="0" offset="10" sl="20" path="0" offsetend="12" fileid="4" />
                <BranchPoint vc="0" uspid="69" ordinal="1" offset="10" sl="20" path="1" offsetend="21" fileid="4" />
              </BranchPoints>
              <MethodPoint xsi:type="SequencePoint" vc="0" uspid="60" ordinal="0" offset="0" sl="19" sc="13" el="19" ec="14" bec="0" bev="0" fileid="4" />
            </Method>
            <Method visited="false" cyclomaticComplexity="1" nPathComplexity="0" sequenceCoverage="0" branchCoverage="0" crapScore="2" isConstructor="false" isStatic="false" isGetter="true" isSetter="false">
              <Summary numSequencePoints="3" visitedSequencePoints="0" numBranchPoints="1" visitedBranchPoints="0" sequenceCoverage="0" branchCoverage="0" maxCyclomaticComplexity="1" minCyclomaticComplexity="1" maxCrapScore="2" minCrapScore="2" visitedClasses="0" numClasses="0" visitedMethods="0" numMethods="1" />
              <MetadataToken>100663302</MetadataToken>
              <Name>ConsoleApp6.Person ConsoleApp6.ArmyMan::get_BasePerson()</Name>
              <FileRef uid="4" />
              <SequencePoints>
                <SequencePoint vc="0" uspid="70" ordinal="0" offset="0" sl="32" sc="13" el="32" ec="14" bec="0" bev="0" fileid="4" />
                <SequencePoint vc="0" uspid="71" ordinal="1" offset="1" sl="33" sc="17" el="33" ec="51" bec="0" bev="0" fileid="4" />
                <SequencePoint vc="0" uspid="72" ordinal="2" offset="21" sl="34" sc="13" el="34" ec="14" bec="0" bev="0" fileid="4" />
              </SequencePoints>
              <BranchPoints />
              <MethodPoint xsi:type="SequencePoint" vc="0" uspid="70" ordinal="0" offset="0" sl="32" sc="13" el="32" ec="14" bec="0" bev="0" fileid="4" />
            </Method>
            <Method visited="false" cyclomaticComplexity="1" nPathComplexity="0" sequenceCoverage="0" branchCoverage="0" crapScore="2" isConstructor="true" isStatic="false" isGetter="false" isSetter="false">
              <Summary numSequencePoints="4" visitedSequencePoints="0" numBranchPoints="1" visitedBranchPoints="0" sequenceCoverage="0" branchCoverage="0" maxCyclomaticComplexity="1" minCyclomaticComplexity="1" maxCrapScore="2" minCrapScore="2" visitedClasses="0" numClasses="0" visitedMethods="0" numMethods="1" />
              <MetadataToken>100663303</MetadataToken>
              <Name>System.Void ConsoleApp6.ArmyMan::.ctor()</Name>
              <FileRef uid="4" />
              <SequencePoints>
                <SequencePoint vc="0" uspid="73" ordinal="0" offset="0" sl="36" sc="28" el="36" ec="34" bec="0" bev="0" fileid="4" />
                <SequencePoint vc="0" uspid="74" ordinal="1" offset="7" sl="37" sc="9" el="37" ec="10" bec="0" bev="0" fileid="4" />
                <SequencePoint vc="0" uspid="75" ordinal="2" offset="8" sl="38" sc="13" el="38" ec="32" bec="0" bev="0" fileid="4" />
                <SequencePoint vc="0" uspid="76" ordinal="3" offset="16" sl="39" sc="9" el="39" ec="10" bec="0" bev="0" fileid="4" />
              </SequencePoints>
              <BranchPoints />
              <MethodPoint xsi:type="SequencePoint" vc="0" uspid="73" ordinal="0" offset="0" sl="36" sc="28" el="36" ec="34" bec="0" bev="0" fileid="4" />
            </Method>
            <Method visited="false" cyclomaticComplexity="1" nPathComplexity="0" sequenceCoverage="0" branchCoverage="0" crapScore="2" isConstructor="true" isStatic="false" isGetter="false" isSetter="false">
              <Summary numSequencePoints="4" visitedSequencePoints="0" numBranchPoints="1" visitedBranchPoints="0" sequenceCoverage="0" branchCoverage="0" maxCyclomaticComplexity="1" minCyclomaticComplexity="1" maxCrapScore="2" minCrapScore="2" visitedClasses="0" numClasses="0" visitedMethods="0" numMethods="1" />
              <MetadataToken>100663304</MetadataToken>
              <Name>System.Void ConsoleApp6.ArmyMan::.ctor(System.String,System.Int32,System.Int32)</Name>
              <FileRef uid="4" />
              <SequencePoints>
                <SequencePoint vc="0" uspid="77" ordinal="0" offset="0" sl="40" sc="59" el="40" ec="76" bec="0" bev="0" fileid="4" />
                <SequencePoint vc="0" uspid="78" ordinal="1" offset="9" sl="41" sc="9" el="41" ec="10" bec="0" bev="0" fileid="4" />
                <SequencePoint vc="0" uspid="79" ordinal="2" offset="10" sl="42" sc="13" el="42" ec="34" bec="0" bev="0" fileid="4" />
                <SequencePoint vc="0" uspid="80" ordinal="3" offset="18" sl="43" sc="9" el="43" ec="10" bec="0" bev="0" fileid="4" />
              </SequencePoints>
              <BranchPoints />
              <MethodPoint xsi:type="SequencePoint" vc="0" uspid="77" ordinal="0" offset="0" sl="40" sc="59" el="40" ec="76" bec="0" bev="0" fileid="4" />
            </Method>
            <Method visited="false" cyclomaticComplexity="1" nPathComplexity="0" sequenceCoverage="0" branchCoverage="0" crapScore="2" isConstructor="false" isStatic="false" isGetter="false" isSetter="false">
              <Summary numSequencePoints="6" visitedSequencePoints="0" numBranchPoints="1" visitedBranchPoints="0" sequenceCoverage="0" branchCoverage="0" maxCyclomaticComplexity="1" minCyclomaticComplexity="1" maxCrapScore="2" minCrapScore="2" visitedClasses="0" numClasses="0" visitedMethods="0" numMethods="1" />
              <MetadataToken>100663305</MetadataToken>
              <Name>System.Void ConsoleApp6.ArmyMan::Show()</Name>
              <FileRef uid="4" />
              <SequencePoints>
                <SequencePoint vc="0" uspid="81" ordinal="0" offset="0" sl="45" sc="9" el="45" ec="10" bec="0" bev="0" fileid="4" />
                <SequencePoint vc="0" uspid="82" ordinal="1" offset="1" sl="46" sc="13" el="46" ec="33" bec="0" bev="0" fileid="4" />
                <SequencePoint vc="0" uspid="83" ordinal="2" offset="7" sl="47" sc="13" el="47" ec="25" bec="0" bev="0" fileid="4" />
                <SequencePoint vc="0" uspid="84" ordinal="3" offset="14" sl="48" sc="13" el="48" ec="61" bec="0" bev="0" fileid="4" />
                <SequencePoint vc="0" uspid="85" ordinal="4" offset="41" sl="49" sc="13" el="49" ec="95" bec="0" bev="0" fileid="4" />
                <SequencePoint vc="0" uspid="86" ordinal="5" offset="52" sl="50" sc="9" el="50" ec="10" bec="0" bev="0" fileid="4" />
              </SequencePoints>
              <BranchPoints />
              <MethodPoint xsi:type="SequencePoint" vc="0" uspid="81" ordinal="0" offset="0" sl="45" sc="9" el="45" ec="10" bec="0" bev="0" fileid="4" />
            </Method>
            <Method visited="false" cyclomaticComplexity="1" nPathComplexity="0" sequenceCoverage="0" branchCoverage="0" crapScore="2" isConstructor="false" isStatic="false" isGetter="false" isSetter="false">
              <Summary numSequencePoints="5" visitedSequencePoints="0" numBranchPoints="1" visitedBranchPoints="0" sequenceCoverage="0" branchCoverage="0" maxCyclomaticComplexity="1" minCyclomaticComplexity="1" maxCrapScore="2" minCrapScore="2" visitedClasses="0" numClasses="0" visitedMethods="0" numMethods="1" />
              <MetadataToken>100663306</MetadataToken>
              <Name>System.Object ConsoleApp6.ArmyMan::Init()</Name>
              <FileRef uid="4" />
              <SequencePoints>
                <SequencePoint vc="0" uspid="87" ordinal="0" offset="0" sl="52" sc="9" el="52" ec="10" bec="0" bev="0" fileid="4" />
                <SequencePoint vc="0" uspid="88" ordinal="1" offset="1" sl="53" sc="13" el="53" ec="44" bec="0" bev="0" fileid="4" />
                <SequencePoint vc="0" uspid="89" ordinal="2" offset="13" sl="54" sc="13" el="54" ec="72" bec="0" bev="0" fileid="4" />
                <SequencePoint vc="0" uspid="90" ordinal="3" offset="43" sl="55" sc="13" el="55" ec="22" bec="0" bev="0" fileid="4" />
                <SequencePoint vc="0" uspid="91" ordinal="4" offset="47" sl="56" sc="9" el="56" ec="10" bec="0" bev="0" fileid="4" />
              </SequencePoints>
              <BranchPoints />
              <MethodPoint xsi:type="SequencePoint" vc="0" uspid="87" ordinal="0" offset="0" sl="52" sc="9" el="52" ec="10" bec="0" bev="0" fileid="4" />
            </Method>
            <Method visited="false" cyclomaticComplexity="3" nPathComplexity="4" sequenceCoverage="0" branchCoverage="0" crapScore="12" isConstructor="false" isStatic="false" isGetter="false" isSetter="false">
              <Summary numSequencePoints="8" visitedSequencePoints="0" numBranchPoints="5" visitedBranchPoints="0" sequenceCoverage="0" branchCoverage="0" maxCyclomaticComplexity="3" minCyclomaticComplexity="3" maxCrapScore="12" minCrapScore="12" visitedClasses="0" numClasses="0" visitedMethods="0" numMethods="1" />
              <MetadataToken>100663307</MetadataToken>
              <Name>System.Int32 ConsoleApp6.ArmyMan::CompareTo(System.Object)</Name>
              <FileRef uid="4" />
              <SequencePoints>
                <SequencePoint vc="0" uspid="92" ordinal="0" offset="0" sl="58" sc="9" el="58" ec="10" bec="0" bev="0" fileid="4" />
                <SequencePoint vc="0" uspid="93" ordinal="1" offset="1" sl="59" sc="13" el="59" ec="39" bec="0" bev="0" fileid="4" />
                <SequencePoint vc="0" uspid="94" ordinal="2" offset="8" sl="60" sc="13" el="60" ec="58" bec="2" bev="0" fileid="4" />
                <SequencePoint vc="0" uspid="95" ordinal="3" offset="32" sl="60" sc="59" el="60" ec="68" bec="0" bev="0" fileid="4" />
                <SequencePoint vc="0" uspid="96" ordinal="4" offset="36" sl="61" sc="13" el="61" ec="58" bec="2" bev="0" fileid="4" />
                <SequencePoint vc="0" uspid="97" ordinal="5" offset="60" sl="61" sc="59" el="61" ec="69" bec="0" bev="0" fileid="4" />
                <SequencePoint vc="0" uspid="98" ordinal="6" offset="64" sl="62" sc="13" el="62" ec="22" bec="0" bev="0" fileid="4" />
                <SequencePoint vc="0" uspid="99" ordinal="7" offset="68" sl="63" sc="9" el="63" ec="10" bec="0" bev="0" fileid="4" />
              </SequencePoints>
              <BranchPoints>
                <BranchPoint vc="0" uspid="100" ordinal="0" offset="30" sl="60" path="0" offsetend="32" fileid="4" />
                <BranchPoint vc="0" uspid="101" ordinal="1" offset="30" sl="60" path="1" offsetend="36" fileid="4" />
                <BranchPoint vc="0" uspid="102" ordinal="2" offset="58" sl="61" path="0" offsetend="60" fileid="4" />
                <BranchPoint vc="0" uspid="103" ordinal="3" offset="58" sl="61" path="1" offsetend="64" fileid="4" />
              </BranchPoints>
              <MethodPoint xsi:type="SequencePoint" vc="0" uspid="92" ordinal="0" offset="0" sl="58" sc="9" el="58" ec="10" bec="0" bev="0" fileid="4" />
            </Method>
            <Method visited="false" cyclomaticComplexity="1" nPathComplexity="0" sequenceCoverage="0" branchCoverage="0" crapScore="2" isConstructor="false" isStatic="false" isGetter="false" isSetter="false">
              <Summary numSequencePoints="3" visitedSequencePoints="0" numBranchPoints="1" visitedBranchPoints="0" sequenceCoverage="0" branchCoverage="0" maxCyclomaticComplexity="1" minCyclomaticComplexity="1" maxCrapScore="2" minCrapScore="2" visitedClasses="0" numClasses="0" visitedMethods="0" numMethods="1" />
              <MetadataToken>100663308</MetadataToken>
              <Name>System.Object ConsoleApp6.ArmyMan::Clone()</Name>
              <FileRef uid="4" />
              <SequencePoints>
                <SequencePoint vc="0" uspid="104" ordinal="0" offset="0" sl="65" sc="9" el="65" ec="10" bec="0" bev="0" fileid="4" />
                <SequencePoint vc="0" uspid="105" ordinal="1" offset="1" sl="66" sc="13" el="66" ec="88" bec="0" bev="0" fileid="4" />
                <SequencePoint vc="0" uspid="106" ordinal="2" offset="37" sl="67" sc="9" el="67" ec="10" bec="0" bev="0" fileid="4" />
              </SequencePoints>
              <BranchPoints />
              <MethodPoint xsi:type="SequencePoint" vc="0" uspid="104" ordinal="0" offset="0" sl="65" sc="9" el="65" ec="10" bec="0" bev="0" fileid="4" />
            </Method>
            <Method visited="false" cyclomaticComplexity="1" nPathComplexity="0" sequenceCoverage="0" branchCoverage="0" crapScore="2" isConstructor="false" isStatic="false" isGetter="false" isSetter="false">
              <Summary numSequencePoints="3" visitedSequencePoints="0" numBranchPoints="1" visitedBranchPoints="0" sequenceCoverage="0" branchCoverage="0" maxCyclomaticComplexity="1" minCyclomaticComplexity="1" maxCrapScore="2" minCrapScore="2" visitedClasses="0" numClasses="0" visitedMethods="0" numMethods="1" />
              <MetadataToken>100663309</MetadataToken>
              <Name>ConsoleApp6.Person ConsoleApp6.ArmyMan::ShallowCopy()</Name>
              <FileRef uid="4" />
              <SequencePoints>
                <SequencePoint vc="0" uspid="107" ordinal="0" offset="0" sl="69" sc="9" el="69" ec="10" bec="0" bev="0" fileid="4" />
                <SequencePoint vc="0" uspid="108" ordinal="1" offset="1" sl="70" sc="13" el="70" ec="52" bec="0" bev="0" fileid="4" />
                <SequencePoint vc="0" uspid="109" ordinal="2" offset="15" sl="71" sc="9" el="71" ec="10" bec="0" bev="0" fileid="4" />
              </SequencePoints>
              <BranchPoints />
              <MethodPoint xsi:type="SequencePoint" vc="0" uspid="107" ordinal="0" offset="0" sl="69" sc="9" el="69" ec="10" bec="0" bev="0" fileid="4" />
            </Method>
            <Method visited="false" cyclomaticComplexity="4" nPathComplexity="8" sequenceCoverage="0" branchCoverage="0" crapScore="20" isConstructor="false" isStatic="false" isGetter="false" isSetter="false">
              <Summary numSequencePoints="7" visitedSequencePoints="0" numBranchPoints="7" visitedBranchPoints="0" sequenceCoverage="0" branchCoverage="0" maxCyclomaticComplexity="4" minCyclomaticComplexity="4" maxCrapScore="20" minCrapScore="20" visitedClasses="0" numClasses="0" visitedMethods="0" numMethods="1" />
              <MetadataToken>100663310</MetadataToken>
              <Name>System.Boolean ConsoleApp6.ArmyMan::Equals(System.Object)</Name>
              <FileRef uid="4" />
              <SequencePoints>
                <SequencePoint vc="0" uspid="110" ordinal="0" offset="0" sl="73" sc="9" el="73" ec="10" bec="0" bev="0" fileid="4" />
                <SequencePoint vc="0" uspid="111" ordinal="1" offset="1" sl="74" sc="13" el="74" ec="32" bec="2" bev="0" fileid="4" />
                <SequencePoint vc="0" uspid="112" ordinal="2" offset="14" sl="75" sc="13" el="75" ec="14" bec="0" bev="0" fileid="4" />
                <SequencePoint vc="0" uspid="113" ordinal="3" offset="15" sl="76" sc="17" el="76" ec="42" bec="0" bev="0" fileid="4" />
                <SequencePoint vc="0" uspid="114" ordinal="4" offset="22" sl="77" sc="17" el="77" ec="118" bec="3" bev="0" fileid="4" />
                <SequencePoint vc="0" uspid="115" ordinal="5" offset="75" sl="79" sc="18" el="79" ec="31" bec="0" bev="0" fileid="4" />
                <SequencePoint vc="0" uspid="116" ordinal="6" offset="79" sl="80" sc="9" el="80" ec="10" bec="0" bev="0" fileid="4" />
              </SequencePoints>
              <BranchPoints>
                <BranchPoint vc="0" uspid="117" ordinal="0" offset="12" sl="74" path="0" offsetend="14" fileid="4" />
                <BranchPoint vc="0" uspid="118" ordinal="1" offset="12" sl="74" path="1" offsetend="75" fileid="4" />
                <BranchPoint vc="0" uspid="119" ordinal="2" offset="39" sl="77" path="0" offsetend="41" fileid="4" />
                <BranchPoint vc="0" uspid="120" ordinal="3" offset="39" sl="77" path="1" offsetend="71" fileid="4" />
                <BranchPoint vc="0" uspid="121" ordinal="4" offset="53" sl="77" path="0" offsetend="55" fileid="4" />
                <BranchPoint vc="0" uspid="122" ordinal="5" offset="53" sl="77" path="1" offsetend="71" fileid="4" />
              </BranchPoints>
              <MethodPoint xsi:type="SequencePoint" vc="0" uspid="110" ordinal="0" offset="0" sl="73" sc="9" el="73" ec="10" bec="0" bev="0" fileid="4" />
            </Method>
          </Methods>
        </Class>
        <Class>
          <Summary numSequencePoints="61" visitedSequencePoints="0" numBranchPoints="16" visitedBranchPoints="0" sequenceCoverage="0" branchCoverage="0" maxCyclomaticComplexity="4" minCyclomaticComplexity="1" maxCrapScore="20" minCrapScore="2" visitedClasses="0" numClasses="1" visitedMethods="0" numMethods="4" />
          <FullName>ConsoleApp6.BTree`1</FullName>
          <Methods>
            <Method visited="false" cyclomaticComplexity="1" nPathComplexity="0" sequenceCoverage="0" branchCoverage="0" crapScore="2" isConstructor="true" isStatic="false" isGetter="false" isSetter="false">
              <Summary numSequencePoints="4" visitedSequencePoints="0" numBranchPoints="1" visitedBranchPoints="0" sequenceCoverage="0" branchCoverage="0" maxCyclomaticComplexity="1" minCyclomaticComplexity="1" maxCrapScore="2" minCrapScore="2" visitedClasses="0" numClasses="0" visitedMethods="0" numMethods="1" />
              <MetadataToken>100663311</MetadataToken>
              <Name>System.Void ConsoleApp6.BTree`1::.ctor()</Name>
              <FileRef uid="5" />
              <SequencePoints>
                <SequencePoint vc="0" uspid="123" ordinal="0" offset="0" sl="11" sc="9" el="11" ec="33" bec="0" bev="0" fileid="5" />
                <SequencePoint vc="0" uspid="124" ordinal="1" offset="7" sl="28" sc="9" el="28" ec="23" bec="0" bev="0" fileid="5" />
                <SequencePoint vc="0" uspid="125" ordinal="2" offset="14" sl="28" sc="24" el="28" ec="25" bec="0" bev="0" fileid="5" />
                <SequencePoint vc="0" uspid="126" ordinal="3" offset="15" sl="28" sc="26" el="28" ec="27" bec="0" bev="0" fileid="5" />
              </SequencePoints>
              <BranchPoints />
              <MethodPoint xsi:type="SequencePoint" vc="0" uspid="123" ordinal="0" offset="0" sl="11" sc="9" el="11" ec="33" bec="0" bev="0" fileid="5" />
            </Method>
            <Method visited="false" cyclomaticComplexity="4" nPathComplexity="8" sequenceCoverage="0" branchCoverage="0" crapScore="20" isConstructor="true" isStatic="false" isGetter="false" isSetter="false">
              <Summary numSequencePoints="29" visitedSequencePoints="0" numBranchPoints="7" visitedBranchPoints="0" sequenceCoverage="0" branchCoverage="0" maxCyclomaticComplexity="4" minCyclomaticComplexity="4" maxCrapScore="20" minCrapScore="20" visitedClasses="0" numClasses="0" visitedMethods="0" numMethods="1" />
              <MetadataToken>100663312</MetadataToken>
              <Name>System.Void ConsoleApp6.BTree`1::.ctor(System.Int32)</Name>
              <FileRef uid="5" />
              <SequencePoints>
                <SequencePoint vc="0" uspid="127" ordinal="0" offset="0" sl="11" sc="9" el="11" ec="33" bec="0" bev="0" fileid="5" />
                <SequencePoint vc="0" uspid="128" ordinal="1" offset="7" sl="29" sc="9" el="29" ec="31" bec="0" bev="0" fileid="5" />
                <SequencePoint vc="0" uspid="129" ordinal="2" offset="14" sl="30" sc="9" el="30" ec="10" bec="0" bev="0" fileid="5" />
                <SequencePoint vc="0" uspid="130" ordinal="3" offset="15" sl="31" sc="13" el="31" ec="38" bec="0" bev="0" fileid="5" />
                <SequencePoint vc="0" uspid="131" ordinal="4" offset="26" sl="32" sc="13" el="32" ec="26" bec="0" bev="0" fileid="5" />
                <SequencePoint vc="0" uspid="132" ordinal="5" offset="28" sl="33" sc="13" el="33" ec="23" bec="0" bev="0" fileid="5" />
                <SequencePoint vc="0" uspid="133" ordinal="6" offset="32" sl="35" sc="13" el="35" ec="14" bec="0" bev="0" fileid="5" />
                <SequencePoint vc="0" uspid="134" ordinal="7" offset="33" sl="36" sc="17" el="36" ec="33" bec="0" bev="0" fileid="5" />
                <SequencePoint vc="0" uspid="135" ordinal="8" offset="39" sl="37" sc="17" el="37" ec="26" bec="0" bev="0" fileid="5" />
                <SequencePoint vc="0" uspid="136" ordinal="9" offset="43" sl="38" sc="13" el="38" ec="14" bec="0" bev="0" fileid="5" />
                <SequencePoint vc="0" uspid="137" ordinal="10" offset="44" sl="34" sc="13" el="34" ec="30" bec="2" bev="0" fileid="5" />
                <SequencePoint vc="0" uspid="138" ordinal="11" offset="57" sl="39" sc="13" el="39" ec="22" bec="0" bev="0" fileid="5" />
                <SequencePoint vc="0" uspid="139" ordinal="12" offset="61" sl="40" sc="13" el="40" ec="34" bec="0" bev="0" fileid="5" />
                <SequencePoint vc="0" uspid="140" ordinal="13" offset="68" sl="41" sc="13" el="41" ec="25" bec="0" bev="0" fileid="5" />
                <SequencePoint vc="0" uspid="141" ordinal="14" offset="70" sl="42" sc="18" el="42" ec="23" bec="0" bev="0" fileid="5" />
                <SequencePoint vc="0" uspid="142" ordinal="15" offset="74" sl="43" sc="13" el="43" ec="14" bec="0" bev="0" fileid="5" />
                <SequencePoint vc="0" uspid="143" ordinal="16" offset="75" sl="44" sc="22" el="44" ec="31" bec="0" bev="0" fileid="5" />
                <SequencePoint vc="0" uspid="144" ordinal="17" offset="80" sl="45" sc="17" el="45" ec="18" bec="0" bev="0" fileid="5" />
                <SequencePoint vc="0" uspid="145" ordinal="18" offset="81" sl="46" sc="21" el="46" ec="60" bec="0" bev="0" fileid="5" />
                <SequencePoint vc="0" uspid="146" ordinal="19" offset="88" sl="47" sc="21" el="47" ec="35" bec="0" bev="0" fileid="5" />
                <SequencePoint vc="0" uspid="147" ordinal="20" offset="96" sl="48" sc="21" el="48" ec="30" bec="0" bev="0" fileid="5" />
                <SequencePoint vc="0" uspid="148" ordinal="21" offset="99" sl="49" sc="17" el="49" ec="18" bec="0" bev="0" fileid="5" />
                <SequencePoint vc="0" uspid="149" ordinal="22" offset="100" sl="44" sc="50" el="44" ec="53" bec="0" bev="0" fileid="5" />
                <SequencePoint vc="0" uspid="150" ordinal="23" offset="106" sl="44" sc="33" el="44" ec="48" bec="2" bev="0" fileid="5" />
                <SequencePoint vc="0" uspid="151" ordinal="24" offset="119" sl="50" sc="17" el="50" ec="25" bec="0" bev="0" fileid="5" />
                <SequencePoint vc="0" uspid="152" ordinal="25" offset="123" sl="51" sc="13" el="51" ec="14" bec="0" bev="0" fileid="5" />
                <SequencePoint vc="0" uspid="153" ordinal="26" offset="124" sl="42" sc="37" el="42" ec="40" bec="0" bev="0" fileid="5" />
                <SequencePoint vc="0" uspid="154" ordinal="27" offset="128" sl="42" sc="25" el="42" ec="35" bec="2" bev="0" fileid="5" />
                <SequencePoint vc="0" uspid="155" ordinal="28" offset="141" sl="52" sc="9" el="52" ec="10" bec="0" bev="0" fileid="5" />
              </SequencePoints>
              <BranchPoints>
                <BranchPoint vc="0" uspid="156" ordinal="0" offset="55" sl="34" path="0" offsetend="57" fileid="5" />
                <BranchPoint vc="0" uspid="157" ordinal="1" offset="55" sl="34" path="1" offsetend="32" fileid="5" />
                <BranchPoint vc="0" uspid="158" ordinal="2" offset="117" sl="44" path="0" offsetend="119" fileid="5" />
                <BranchPoint vc="0" uspid="159" ordinal="3" offset="117" sl="44" path="1" offsetend="80" fileid="5" />
                <BranchPoint vc="0" uspid="160" ordinal="4" offset="139" sl="42" path="0" offsetend="141" fileid="5" />
                <BranchPoint vc="0" uspid="161" ordinal="5" offset="139" sl="42" path="1" offsetend="74" fileid="5" />
              </BranchPoints>
              <MethodPoint xsi:type="SequencePoint" vc="0" uspid="127" ordinal="0" offset="0" sl="11" sc="9" el="11" ec="33" bec="0" bev="0" fileid="5" />
            </Method>
            <Method visited="false" cyclomaticComplexity="2" nPathComplexity="2" sequenceCoverage="0" branchCoverage="0" crapScore="6" isConstructor="true" isStatic="false" isGetter="false" isSetter="false">
              <Summary numSequencePoints="15" visitedSequencePoints="0" numBranchPoints="3" visitedBranchPoints="0" sequenceCoverage="0" branchCoverage="0" maxCyclomaticComplexity="2" minCyclomaticComplexity="2" maxCrapScore="6" minCrapScore="6" visitedClasses="0" numClasses="0" visitedMethods="0" numMethods="1" />
              <MetadataToken>100663313</MetadataToken>
              <Name>System.Void ConsoleApp6.BTree`1::.ctor(T[])</Name>
              <FileRef uid="5" />
              <SequencePoints>
                <SequencePoint vc="0" uspid="162" ordinal="0" offset="0" sl="11" sc="9" el="11" ec="33" bec="0" bev="0" fileid="5" />
                <SequencePoint vc="0" uspid="163" ordinal="1" offset="7" sl="53" sc="9" el="53" ec="37" bec="0" bev="0" fileid="5" />
                <SequencePoint vc="0" uspid="164" ordinal="2" offset="14" sl="54" sc="9" el="54" ec="10" bec="0" bev="0" fileid="5" />
                <SequencePoint vc="0" uspid="165" ordinal="3" offset="15" sl="55" sc="13" el="55" ec="38" bec="0" bev="0" fileid="5" />
                <SequencePoint vc="0" uspid="166" ordinal="4" offset="26" sl="56" sc="13" el="56" ec="34" bec="0" bev="0" fileid="5" />
                <SequencePoint vc="0" uspid="167" ordinal="5" offset="33" sl="57" sc="13" el="57" ec="31" bec="0" bev="0" fileid="5" />
                <SequencePoint vc="0" uspid="168" ordinal="6" offset="51" sl="58" sc="18" el="58" ec="27" bec="0" bev="0" fileid="5" />
                <SequencePoint vc="0" uspid="169" ordinal="7" offset="55" sl="59" sc="13" el="59" ec="14" bec="0" bev="0" fileid="5" />
                <SequencePoint vc="0" uspid="170" ordinal="8" offset="56" sl="60" sc="17" el="60" ec="62" bec="0" bev="0" fileid="5" />
                <SequencePoint vc="0" uspid="171" ordinal="9" offset="69" sl="61" sc="17" el="61" ec="31" bec="0" bev="0" fileid="5" />
                <SequencePoint vc="0" uspid="172" ordinal="10" offset="76" sl="62" sc="17" el="62" ec="26" bec="0" bev="0" fileid="5" />
                <SequencePoint vc="0" uspid="173" ordinal="11" offset="78" sl="63" sc="13" el="63" ec="14" bec="0" bev="0" fileid="5" />
                <SequencePoint vc="0" uspid="174" ordinal="12" offset="79" sl="58" sc="45" el="58" ec="48" bec="0" bev="0" fileid="5" />
                <SequencePoint vc="0" uspid="175" ordinal="13" offset="83" sl="58" sc="29" el="58" ec="43" bec="2" bev="0" fileid="5" />
                <SequencePoint vc="0" uspid="176" ordinal="14" offset="93" sl="64" sc="9" el="64" ec="10" bec="0" bev="0" fileid="5" />
              </SequencePoints>
              <BranchPoints>
                <BranchPoint vc="0" uspid="177" ordinal="0" offset="91" sl="58" path="0" offsetend="93" fileid="5" />
                <BranchPoint vc="0" uspid="178" ordinal="1" offset="91" sl="58" path="1" offsetend="55" fileid="5" />
              </BranchPoints>
              <MethodPoint xsi:type="SequencePoint" vc="0" uspid="162" ordinal="0" offset="0" sl="11" sc="9" el="11" ec="33" bec="0" bev="0" fileid="5" />
            </Method>
            <Method visited="false" cyclomaticComplexity="3" nPathComplexity="4" sequenceCoverage="0" branchCoverage="0" crapScore="12" isConstructor="false" isStatic="false" isGetter="false" isSetter="false">
              <Summary numSequencePoints="13" visitedSequencePoints="0" numBranchPoints="5" visitedBranchPoints="0" sequenceCoverage="0" branchCoverage="0" maxCyclomaticComplexity="3" minCyclomaticComplexity="3" maxCrapScore="12" minCrapScore="12" visitedClasses="0" numClasses="0" visitedMethods="0" numMethods="1" />
              <MetadataToken>100663314</MetadataToken>
              <Name>System.Void ConsoleApp6.BTree`1::PrintList()</Name>
              <FileRef uid="5" />
              <SequencePoints>
                <SequencePoint vc="0" uspid="179" ordinal="0" offset="0" sl="66" sc="9" el="66" ec="10" bec="0" bev="0" fileid="5" />
                <SequencePoint vc="0" uspid="180" ordinal="1" offset="1" sl="67" sc="13" el="67" ec="29" bec="2" bev="0" fileid="5" />
                <SequencePoint vc="0" uspid="181" ordinal="2" offset="14" sl="68" sc="13" el="68" ec="14" bec="0" bev="0" fileid="5" />
                <SequencePoint vc="0" uspid="182" ordinal="3" offset="15" sl="69" sc="17" el="69" ec="53" bec="0" bev="0" fileid="5" />
                <SequencePoint vc="0" uspid="183" ordinal="4" offset="26" sl="70" sc="17" el="70" ec="24" bec="0" bev="0" fileid="5" />
                <SequencePoint vc="0" uspid="184" ordinal="5" offset="28" sl="72" sc="13" el="72" ec="34" bec="0" bev="0" fileid="5" />
                <SequencePoint vc="0" uspid="185" ordinal="6" offset="37" sl="74" sc="13" el="74" ec="14" bec="0" bev="0" fileid="5" />
                <SequencePoint vc="0" uspid="186" ordinal="7" offset="38" sl="75" sc="17" el="75" ec="49" bec="0" bev="0" fileid="5" />
                <SequencePoint vc="0" uspid="187" ordinal="8" offset="50" sl="76" sc="17" el="76" ec="28" bec="0" bev="0" fileid="5" />
                <SequencePoint vc="0" uspid="188" ordinal="9" offset="57" sl="77" sc="13" el="77" ec="14" bec="0" bev="0" fileid="5" />
                <SequencePoint vc="0" uspid="189" ordinal="10" offset="58" sl="73" sc="13" el="73" ec="30" bec="2" bev="0" fileid="5" />
                <SequencePoint vc="0" uspid="190" ordinal="11" offset="66" sl="78" sc="13" el="78" ec="33" bec="0" bev="0" fileid="5" />
                <SequencePoint vc="0" uspid="191" ordinal="12" offset="72" sl="79" sc="9" el="79" ec="10" bec="0" bev="0" fileid="5" />
              </SequencePoints>
              <BranchPoints>
                <BranchPoint vc="0" uspid="192" ordinal="0" offset="12" sl="67" path="0" offsetend="14" fileid="5" />
                <BranchPoint vc="0" uspid="193" ordinal="1" offset="12" sl="67" path="1" offsetend="28" fileid="5" />
                <BranchPoint vc="0" uspid="194" ordinal="2" offset="64" sl="73" path="0" offsetend="66" fileid="5" />
                <BranchPoint vc="0" uspid="195" ordinal="3" offset="64" sl="73" path="1" offsetend="37" fileid="5" />
              </BranchPoints>
              <MethodPoint xsi:type="SequencePoint" vc="0" uspid="179" ordinal="0" offset="0" sl="66" sc="9" el="66" ec="10" bec="0" bev="0" fileid="5" />
            </Method>
          </Methods>
        </Class>
        <Class>
          <Summary numSequencePoints="15" visitedSequencePoints="0" numBranchPoints="3" visitedBranchPoints="0" sequenceCoverage="0" branchCoverage="0" maxCyclomaticComplexity="1" minCyclomaticComplexity="1" maxCrapScore="2" minCrapScore="2" visitedClasses="0" numClasses="1" visitedMethods="0" numMethods="3" />
          <FullName>ConsoleApp6.BTreeElem`1</FullName>
          <Methods>
            <Method visited="false" cyclomaticComplexity="1" nPathComplexity="0" sequenceCoverage="0" branchCoverage="0" crapScore="2" isConstructor="true" isStatic="false" isGetter="false" isSetter="false">
              <Summary numSequencePoints="6" visitedSequencePoints="0" numBranchPoints="1" visitedBranchPoints="0" sequenceCoverage="0" branchCoverage="0" maxCyclomaticComplexity="1" minCyclomaticComplexity="1" maxCrapScore="2" minCrapScore="2" visitedClasses="0" numClasses="0" visitedMethods="0" numMethods="1" />
              <MetadataToken>100663315</MetadataToken>
              <Name>System.Void ConsoleApp6.BTreeElem`1::.ctor()</Name>
              <FileRef uid="6" />
              <SequencePoints>
                <SequencePoint vc="0" uspid="196" ordinal="0" offset="0" sl="14" sc="9" el="14" ec="27" bec="0" bev="0" fileid="6" />
                <SequencePoint vc="0" uspid="197" ordinal="1" offset="7" sl="15" sc="9" el="15" ec="10" bec="0" bev="0" fileid="6" />
                <SequencePoint vc="0" uspid="198" ordinal="2" offset="8" sl="16" sc="13" el="16" ec="31" bec="0" bev="0" fileid="6" />
                <SequencePoint vc="0" uspid="199" ordinal="3" offset="20" sl="17" sc="13" el="17" ec="25" bec="0" bev="0" fileid="6" />
                <SequencePoint vc="0" uspid="200" ordinal="4" offset="27" sl="18" sc="13" el="18" ec="25" bec="0" bev="0" fileid="6" />
                <SequencePoint vc="0" uspid="201" ordinal="5" offset="34" sl="19" sc="9" el="19" ec="10" bec="0" bev="0" fileid="6" />
              </SequencePoints>
              <BranchPoints />
              <MethodPoint xsi:type="SequencePoint" vc="0" uspid="196" ordinal="0" offset="0" sl="14" sc="9" el="14" ec="27" bec="0" bev="0" fileid="6" />
            </Method>
            <Method visited="false" cyclomaticComplexity="1" nPathComplexity="0" sequenceCoverage="0" branchCoverage="0" crapScore="2" isConstructor="true" isStatic="false" isGetter="false" isSetter="false">
              <Summary numSequencePoints="6" visitedSequencePoints="0" numBranchPoints="1" visitedBranchPoints="0" sequenceCoverage="0" branchCoverage="0" maxCyclomaticComplexity="1" minCyclomaticComplexity="1" maxCrapScore="2" minCrapScore="2" visitedClasses="0" numClasses="0" visitedMethods="0" numMethods="1" />
              <MetadataToken>100663316</MetadataToken>
              <Name>System.Void ConsoleApp6.BTreeElem`1::.ctor(T)</Name>
              <FileRef uid="6" />
              <SequencePoints>
                <SequencePoint vc="0" uspid="202" ordinal="0" offset="0" sl="20" sc="9" el="20" ec="30" bec="0" bev="0" fileid="6" />
                <SequencePoint vc="0" uspid="203" ordinal="1" offset="7" sl="21" sc="9" el="21" ec="10" bec="0" bev="0" fileid="6" />
                <SequencePoint vc="0" uspid="204" ordinal="2" offset="8" sl="22" sc="13" el="22" ec="22" bec="0" bev="0" fileid="6" />
                <SequencePoint vc="0" uspid="205" ordinal="3" offset="15" sl="23" sc="13" el="23" ec="25" bec="0" bev="0" fileid="6" />
                <SequencePoint vc="0" uspid="206" ordinal="4" offset="22" sl="24" sc="13" el="24" ec="25" bec="0" bev="0" fileid="6" />
                <SequencePoint vc="0" uspid="207" ordinal="5" offset="29" sl="25" sc="9" el="25" ec="10" bec="0" bev="0" fileid="6" />
              </SequencePoints>
              <BranchPoints />
              <MethodPoint xsi:type="SequencePoint" vc="0" uspid="202" ordinal="0" offset="0" sl="20" sc="9" el="20" ec="30" bec="0" bev="0" fileid="6" />
            </Method>
            <Method visited="false" cyclomaticComplexity="1" nPathComplexity="0" sequenceCoverage="0" branchCoverage="0" crapScore="2" isConstructor="false" isStatic="false" isGetter="false" isSetter="false">
              <Summary numSequencePoints="3" visitedSequencePoints="0" numBranchPoints="1" visitedBranchPoints="0" sequenceCoverage="0" branchCoverage="0" maxCyclomaticComplexity="1" minCyclomaticComplexity="1" maxCrapScore="2" minCrapScore="2" visitedClasses="0" numClasses="0" visitedMethods="0" numMethods="1" />
              <MetadataToken>100663317</MetadataToken>
              <Name>System.String ConsoleApp6.BTreeElem`1::ToString()</Name>
              <FileRef uid="6" />
              <SequencePoints>
                <SequencePoint vc="0" uspid="208" ordinal="0" offset="0" sl="27" sc="9" el="27" ec="10" bec="0" bev="0" fileid="6" />
                <SequencePoint vc="0" uspid="209" ordinal="1" offset="1" sl="28" sc="13" el="28" ec="42" bec="0" bev="0" fileid="6" />
                <SequencePoint vc="0" uspid="210" ordinal="2" offset="31" sl="29" sc="9" el="29" ec="10" bec="0" bev="0" fileid="6" />
              </SequencePoints>
              <BranchPoints />
              <MethodPoint xsi:type="SequencePoint" vc="0" uspid="208" ordinal="0" offset="0" sl="27" sc="9" el="27" ec="10" bec="0" bev="0" fileid="6" />
            </Method>
          </Methods>
        </Class>
        <Class>
          <Summary numSequencePoints="56" visitedSequencePoints="0" numBranchPoints="22" visitedBranchPoints="0" sequenceCoverage="0" branchCoverage="0" maxCyclomaticComplexity="3" minCyclomaticComplexity="1" maxCrapScore="12" minCrapScore="2" visitedClasses="0" numClasses="1" visitedMethods="0" numMethods="12" />
          <FullName>ConsoleApp6.EnemyArmyMan</FullName>
          <Methods>
            <Method visited="false" cyclomaticComplexity="1" nPathComplexity="0" sequenceCoverage="0" branchCoverage="0" crapScore="2" isConstructor="false" isStatic="false" isGetter="true" isSetter="false">
              <Summary numSequencePoints="1" visitedSequencePoints="0" numBranchPoints="1" visitedBranchPoints="0" sequenceCoverage="0" branchCoverage="0" maxCyclomaticComplexity="1" minCyclomaticComplexity="1" maxCrapScore="2" minCrapScore="2" visitedClasses="0" numClasses="0" visitedMethods="0" numMethods="1" />
              <MetadataToken>100663318</MetadataToken>
              <Name>System.String ConsoleApp6.EnemyArmyMan::get_Name()</Name>
              <FileRef uid="7" />
              <SequencePoints>
                <SequencePoint vc="0" uspid="211" ordinal="0" offset="0" sl="12" sc="30" el="12" ec="34" bec="0" bev="0" fileid="7" />
              </SequencePoints>
              <BranchPoints />
              <MethodPoint xsi:type="SequencePoint" vc="0" uspid="211" ordinal="0" offset="0" sl="12" sc="30" el="12" ec="34" bec="0" bev="0" fileid="7" />
            </Method>
            <Method visited="false" cyclomaticComplexity="1" nPathComplexity="0" sequenceCoverage="0" branchCoverage="0" crapScore="2" isConstructor="false" isStatic="false" isGetter="false" isSetter="true">
              <Summary numSequencePoints="1" visitedSequencePoints="0" numBranchPoints="1" visitedBranchPoints="0" sequenceCoverage="0" branchCoverage="0" maxCyclomaticComplexity="1" minCyclomaticComplexity="1" maxCrapScore="2" minCrapScore="2" visitedClasses="0" numClasses="0" visitedMethods="0" numMethods="1" />
              <MetadataToken>100663319</MetadataToken>
              <Name>System.Void ConsoleApp6.EnemyArmyMan::set_Name(System.String)</Name>
              <FileRef uid="7" />
              <SequencePoints>
                <SequencePoint vc="0" uspid="212" ordinal="0" offset="0" sl="12" sc="35" el="12" ec="39" bec="0" bev="0" fileid="7" />
              </SequencePoints>
              <BranchPoints />
              <MethodPoint xsi:type="SequencePoint" vc="0" uspid="212" ordinal="0" offset="0" sl="12" sc="35" el="12" ec="39" bec="0" bev="0" fileid="7" />
            </Method>
            <Method visited="false" cyclomaticComplexity="1" nPathComplexity="0" sequenceCoverage="0" branchCoverage="0" crapScore="2" isConstructor="false" isStatic="false" isGetter="true" isSetter="false">
              <Summary numSequencePoints="3" visitedSequencePoints="0" numBranchPoints="1" visitedBranchPoints="0" sequenceCoverage="0" branchCoverage="0" maxCyclomaticComplexity="1" minCyclomaticComplexity="1" maxCrapScore="2" minCrapScore="2" visitedClasses="0" numClasses="0" visitedMethods="0" numMethods="1" />
              <MetadataToken>100663320</MetadataToken>
              <Name>System.Int32 ConsoleApp6.EnemyArmyMan::get_EnemyDivision()</Name>
              <FileRef uid="7" />
              <SequencePoints>
                <SequencePoint vc="0" uspid="213" ordinal="0" offset="0" sl="17" sc="13" el="17" ec="14" bec="0" bev="0" fileid="7" />
                <SequencePoint vc="0" uspid="214" ordinal="1" offset="1" sl="18" sc="17" el="18" ec="38" bec="0" bev="0" fileid="7" />
                <SequencePoint vc="0" uspid="215" ordinal="2" offset="10" sl="19" sc="13" el="19" ec="14" bec="0" bev="0" fileid="7" />
              </SequencePoints>
              <BranchPoints />
              <MethodPoint xsi:type="SequencePoint" vc="0" uspid="213" ordinal="0" offset="0" sl="17" sc="13" el="17" ec="14" bec="0" bev="0" fileid="7" />
            </Method>
            <Method visited="false" cyclomaticComplexity="2" nPathComplexity="2" sequenceCoverage="0" branchCoverage="0" crapScore="6" isConstructor="false" isStatic="false" isGetter="false" isSetter="true">
              <Summary numSequencePoints="8" visitedSequencePoints="0" numBranchPoints="3" visitedBranchPoints="0" sequenceCoverage="0" branchCoverage="0" maxCyclomaticComplexity="2" minCyclomaticComplexity="2" maxCrapScore="6" minCrapScore="6" visitedClasses="0" numClasses="0" visitedMethods="0" numMethods="1" />
              <MetadataToken>100663321</MetadataToken>
              <Name>System.Void ConsoleApp6.EnemyArmyMan::set_EnemyDivision(System.Int32)</Name>
              <FileRef uid="7" />
              <SequencePoints>
                <SequencePoint vc="0" uspid="216" ordinal="0" offset="0" sl="21" sc="13" el="21" ec="14" bec="0" bev="0" fileid="7" />
                <SequencePoint vc="0" uspid="217" ordinal="1" offset="3" sl="23" sc="17" el="23" ec="18" bec="0" bev="0" fileid="7" />
                <SequencePoint vc="0" uspid="218" ordinal="2" offset="4" sl="24" sc="21" el="24" ec="116" bec="0" bev="0" fileid="7" />
                <SequencePoint vc="0" uspid="219" ordinal="3" offset="15" sl="25" sc="21" el="25" ec="44" bec="0" bev="0" fileid="7" />
                <SequencePoint vc="0" uspid="220" ordinal="4" offset="22" sl="26" sc="17" el="26" ec="18" bec="0" bev="0" fileid="7" />
                <SequencePoint vc="0" uspid="221" ordinal="5" offset="23" sl="22" sc="17" el="22" ec="35" bec="2" bev="0" fileid="7" />
                <SequencePoint vc="0" uspid="222" ordinal="6" offset="34" sl="27" sc="17" el="27" ec="39" bec="0" bev="0" fileid="7" />
                <SequencePoint vc="0" uspid="223" ordinal="7" offset="41" sl="28" sc="13" el="28" ec="14" bec="0" bev="0" fileid="7" />
              </SequencePoints>
              <BranchPoints>
                <BranchPoint vc="0" uspid="224" ordinal="0" offset="32" sl="22" path="0" offsetend="34" fileid="7" />
                <BranchPoint vc="0" uspid="225" ordinal="1" offset="32" sl="22" path="1" offsetend="3" fileid="7" />
              </BranchPoints>
              <MethodPoint xsi:type="SequencePoint" vc="0" uspid="216" ordinal="0" offset="0" sl="21" sc="13" el="21" ec="14" bec="0" bev="0" fileid="7" />
            </Method>
            <Method visited="false" cyclomaticComplexity="1" nPathComplexity="0" sequenceCoverage="0" branchCoverage="0" crapScore="2" isConstructor="true" isStatic="false" isGetter="false" isSetter="false">
              <Summary numSequencePoints="6" visitedSequencePoints="0" numBranchPoints="1" visitedBranchPoints="0" sequenceCoverage="0" branchCoverage="0" maxCyclomaticComplexity="1" minCyclomaticComplexity="1" maxCrapScore="2" minCrapScore="2" visitedClasses="0" numClasses="0" visitedMethods="0" numMethods="1" />
              <MetadataToken>100663322</MetadataToken>
              <Name>System.Void ConsoleApp6.EnemyArmyMan::.ctor()</Name>
              <FileRef uid="7" />
              <SequencePoints>
                <SequencePoint vc="0" uspid="226" ordinal="0" offset="0" sl="11" sc="9" el="11" ec="35" bec="0" bev="0" fileid="7" />
                <SequencePoint vc="0" uspid="227" ordinal="1" offset="11" sl="30" sc="9" el="30" ec="30" bec="0" bev="0" fileid="7" />
                <SequencePoint vc="0" uspid="228" ordinal="2" offset="18" sl="31" sc="9" el="31" ec="10" bec="0" bev="0" fileid="7" />
                <SequencePoint vc="0" uspid="229" ordinal="3" offset="19" sl="32" sc="13" el="32" ec="42" bec="0" bev="0" fileid="7" />
                <SequencePoint vc="0" uspid="230" ordinal="4" offset="31" sl="33" sc="13" el="33" ec="31" bec="0" bev="0" fileid="7" />
                <SequencePoint vc="0" uspid="231" ordinal="5" offset="38" sl="34" sc="9" el="34" ec="10" bec="0" bev="0" fileid="7" />
              </SequencePoints>
              <BranchPoints />
              <MethodPoint xsi:type="SequencePoint" vc="0" uspid="226" ordinal="0" offset="0" sl="11" sc="9" el="11" ec="35" bec="0" bev="0" fileid="7" />
            </Method>
            <Method visited="false" cyclomaticComplexity="1" nPathComplexity="0" sequenceCoverage="0" branchCoverage="0" crapScore="2" isConstructor="true" isStatic="false" isGetter="false" isSetter="false">
              <Summary numSequencePoints="6" visitedSequencePoints="0" numBranchPoints="1" visitedBranchPoints="0" sequenceCoverage="0" branchCoverage="0" maxCyclomaticComplexity="1" minCyclomaticComplexity="1" maxCrapScore="2" minCrapScore="2" visitedClasses="0" numClasses="0" visitedMethods="0" numMethods="1" />
              <MetadataToken>100663323</MetadataToken>
              <Name>System.Void ConsoleApp6.EnemyArmyMan::.ctor(System.String,System.Int32)</Name>
              <FileRef uid="7" />
              <SequencePoints>
                <SequencePoint vc="0" uspid="232" ordinal="0" offset="0" sl="11" sc="9" el="11" ec="35" bec="0" bev="0" fileid="7" />
                <SequencePoint vc="0" uspid="233" ordinal="1" offset="11" sl="35" sc="9" el="35" ec="48" bec="0" bev="0" fileid="7" />
                <SequencePoint vc="0" uspid="234" ordinal="2" offset="18" sl="36" sc="9" el="36" ec="10" bec="0" bev="0" fileid="7" />
                <SequencePoint vc="0" uspid="235" ordinal="3" offset="19" sl="37" sc="13" el="37" ec="24" bec="0" bev="0" fileid="7" />
                <SequencePoint vc="0" uspid="236" ordinal="4" offset="27" sl="38" sc="13" el="38" ec="33" bec="0" bev="0" fileid="7" />
                <SequencePoint vc="0" uspid="237" ordinal="5" offset="35" sl="39" sc="9" el="39" ec="10" bec="0" bev="0" fileid="7" />
              </SequencePoints>
              <BranchPoints />
              <MethodPoint xsi:type="SequencePoint" vc="0" uspid="232" ordinal="0" offset="0" sl="11" sc="9" el="11" ec="35" bec="0" bev="0" fileid="7" />
            </Method>
            <Method visited="false" cyclomaticComplexity="1" nPathComplexity="0" sequenceCoverage="0" branchCoverage="0" crapScore="2" isConstructor="false" isStatic="false" isGetter="false" isSetter="false">
              <Summary numSequencePoints="5" visitedSequencePoints="0" numBranchPoints="1" visitedBranchPoints="0" sequenceCoverage="0" branchCoverage="0" maxCyclomaticComplexity="1" minCyclomaticComplexity="1" maxCrapScore="2" minCrapScore="2" visitedClasses="0" numClasses="0" visitedMethods="0" numMethods="1" />
              <MetadataToken>100663324</MetadataToken>
              <Name>System.Object ConsoleApp6.EnemyArmyMan::Init()</Name>
              <FileRef uid="7" />
              <SequencePoints>
                <SequencePoint vc="0" uspid="238" ordinal="0" offset="0" sl="41" sc="9" el="41" ec="10" bec="0" bev="0" fileid="7" />
                <SequencePoint vc="0" uspid="239" ordinal="1" offset="1" sl="42" sc="13" el="42" ec="73" bec="0" bev="0" fileid="7" />
                <SequencePoint vc="0" uspid="240" ordinal="2" offset="40" sl="43" sc="13" el="43" ec="101" bec="0" bev="0" fileid="7" />
                <SequencePoint vc="0" uspid="241" ordinal="3" offset="80" sl="44" sc="13" el="44" ec="23" bec="0" bev="0" fileid="7" />
                <SequencePoint vc="0" uspid="242" ordinal="4" offset="84" sl="45" sc="9" el="45" ec="10" bec="0" bev="0" fileid="7" />
              </SequencePoints>
              <BranchPoints />
              <MethodPoint xsi:type="SequencePoint" vc="0" uspid="238" ordinal="0" offset="0" sl="41" sc="9" el="41" ec="10" bec="0" bev="0" fileid="7" />
            </Method>
            <Method visited="false" cyclomaticComplexity="1" nPathComplexity="0" sequenceCoverage="0" branchCoverage="0" crapScore="2" isConstructor="false" isStatic="false" isGetter="false" isSetter="false">
              <Summary numSequencePoints="5" visitedSequencePoints="0" numBranchPoints="1" visitedBranchPoints="0" sequenceCoverage="0" branchCoverage="0" maxCyclomaticComplexity="1" minCyclomaticComplexity="1" maxCrapScore="2" minCrapScore="2" visitedClasses="0" numClasses="0" visitedMethods="0" numMethods="1" />
              <MetadataToken>100663325</MetadataToken>
              <Name>System.Void ConsoleApp6.EnemyArmyMan::Show()</Name>
              <FileRef uid="7" />
              <SequencePoints>
                <SequencePoint vc="0" uspid="243" ordinal="0" offset="0" sl="47" sc="9" el="47" ec="10" bec="0" bev="0" fileid="7" />
                <SequencePoint vc="0" uspid="244" ordinal="1" offset="1" sl="48" sc="13" el="48" ec="33" bec="0" bev="0" fileid="7" />
                <SequencePoint vc="0" uspid="245" ordinal="2" offset="7" sl="49" sc="13" el="49" ec="91" bec="0" bev="0" fileid="7" />
                <SequencePoint vc="0" uspid="246" ordinal="3" offset="40" sl="50" sc="13" el="50" ec="86" bec="0" bev="0" fileid="7" />
                <SequencePoint vc="0" uspid="247" ordinal="4" offset="51" sl="51" sc="9" el="51" ec="10" bec="0" bev="0" fileid="7" />
              </SequencePoints>
              <BranchPoints />
              <MethodPoint xsi:type="SequencePoint" vc="0" uspid="243" ordinal="0" offset="0" sl="47" sc="9" el="47" ec="10" bec="0" bev="0" fileid="7" />
            </Method>
            <Method visited="false" cyclomaticComplexity="3" nPathComplexity="4" sequenceCoverage="0" branchCoverage="0" crapScore="12" isConstructor="false" isStatic="false" isGetter="false" isSetter="false">
              <Summary numSequencePoints="8" visitedSequencePoints="0" numBranchPoints="5" visitedBranchPoints="0" sequenceCoverage="0" branchCoverage="0" maxCyclomaticComplexity="3" minCyclomaticComplexity="3" maxCrapScore="12" minCrapScore="12" visitedClasses="0" numClasses="0" visitedMethods="0" numMethods="1" />
              <MetadataToken>100663326</MetadataToken>
              <Name>System.Int32 ConsoleApp6.EnemyArmyMan::CompareTo(System.Object)</Name>
              <FileRef uid="7" />
              <SequencePoints>
                <SequencePoint vc="0" uspid="248" ordinal="0" offset="0" sl="53" sc="9" el="53" ec="10" bec="0" bev="0" fileid="7" />
                <SequencePoint vc="0" uspid="249" ordinal="1" offset="1" sl="54" sc="13" el="54" ec="51" bec="0" bev="0" fileid="7" />
                <SequencePoint vc="0" uspid="250" ordinal="2" offset="8" sl="55" sc="13" el="55" ec="58" bec="2" bev="0" fileid="7" />
                <SequencePoint vc="0" uspid="251" ordinal="3" offset="32" sl="55" sc="59" el="55" ec="68" bec="0" bev="0" fileid="7" />
                <SequencePoint vc="0" uspid="252" ordinal="4" offset="36" sl="56" sc="13" el="56" ec="58" bec="2" bev="0" fileid="7" />
                <SequencePoint vc="0" uspid="253" ordinal="5" offset="60" sl="56" sc="59" el="56" ec="69" bec="0" bev="0" fileid="7" />
                <SequencePoint vc="0" uspid="254" ordinal="6" offset="64" sl="57" sc="13" el="57" ec="22" bec="0" bev="0" fileid="7" />
                <SequencePoint vc="0" uspid="255" ordinal="7" offset="68" sl="58" sc="9" el="58" ec="10" bec="0" bev="0" fileid="7" />
              </SequencePoints>
              <BranchPoints>
                <BranchPoint vc="0" uspid="256" ordinal="0" offset="30" sl="55" path="0" offsetend="32" fileid="7" />
                <BranchPoint vc="0" uspid="257" ordinal="1" offset="30" sl="55" path="1" offsetend="36" fileid="7" />
                <BranchPoint vc="0" uspid="258" ordinal="2" offset="58" sl="56" path="0" offsetend="60" fileid="7" />
                <BranchPoint vc="0" uspid="259" ordinal="3" offset="58" sl="56" path="1" offsetend="64" fileid="7" />
              </BranchPoints>
              <MethodPoint xsi:type="SequencePoint" vc="0" uspid="248" ordinal="0" offset="0" sl="53" sc="9" el="53" ec="10" bec="0" bev="0" fileid="7" />
            </Method>
            <Method visited="false" cyclomaticComplexity="1" nPathComplexity="0" sequenceCoverage="0" branchCoverage="0" crapScore="2" isConstructor="false" isStatic="false" isGetter="false" isSetter="false">
              <Summary numSequencePoints="3" visitedSequencePoints="0" numBranchPoints="1" visitedBranchPoints="0" sequenceCoverage="0" branchCoverage="0" maxCyclomaticComplexity="1" minCyclomaticComplexity="1" maxCrapScore="2" minCrapScore="2" visitedClasses="0" numClasses="0" visitedMethods="0" numMethods="1" />
              <MetadataToken>100663327</MetadataToken>
              <Name>System.Object ConsoleApp6.EnemyArmyMan::Clone()</Name>
              <FileRef uid="7" />
              <SequencePoints>
                <SequencePoint vc="0" uspid="260" ordinal="0" offset="0" sl="60" sc="9" el="60" ec="10" bec="0" bev="0" fileid="7" />
                <SequencePoint vc="0" uspid="261" ordinal="1" offset="1" sl="61" sc="13" el="61" ec="77" bec="0" bev="0" fileid="7" />
                <SequencePoint vc="0" uspid="262" ordinal="2" offset="31" sl="62" sc="9" el="62" ec="10" bec="0" bev="0" fileid="7" />
              </SequencePoints>
              <BranchPoints />
              <MethodPoint xsi:type="SequencePoint" vc="0" uspid="260" ordinal="0" offset="0" sl="60" sc="9" el="60" ec="10" bec="0" bev="0" fileid="7" />
            </Method>
            <Method visited="false" cyclomaticComplexity="1" nPathComplexity="0" sequenceCoverage="0" branchCoverage="0" crapScore="2" isConstructor="false" isStatic="false" isGetter="false" isSetter="false">
              <Summary numSequencePoints="3" visitedSequencePoints="0" numBranchPoints="1" visitedBranchPoints="0" sequenceCoverage="0" branchCoverage="0" maxCyclomaticComplexity="1" minCyclomaticComplexity="1" maxCrapScore="2" minCrapScore="2" visitedClasses="0" numClasses="0" visitedMethods="0" numMethods="1" />
[...]
                <SequencePoint vc="0" uspid="1321" ordinal="191" offset="1462" sl="431" sc="53" el="431" ec="54" bec="0" bev="0" fileid="16" />
                <SequencePoint vc="0" uspid="1322" ordinal="192" offset="1463" sl="432" sc="53" el="432" ec="59" bec="0" bev="0" fileid="16" />
                <SequencePoint vc="0" uspid="1323" ordinal="193" offset="1465" sl="434" sc="49" el="434" ec="50" bec="0" bev="0" fileid="16" />
                <SequencePoint vc="0" uspid="1324" ordinal="194" offset="1466" sl="435" sc="53" el="435" ec="74" bec="0" bev="0" fileid="16" />
                <SequencePoint vc="0" uspid="1325" ordinal="195" offset="1474" sl="436" sc="53" el="436" ec="73" bec="0" bev="0" fileid="16" />
                <SequencePoint vc="0" uspid="1326" ordinal="196" offset="1482" sl="437" sc="53" el="437" ec="95" bec="0" bev="0" fileid="16" />
                <SequencePoint vc="0" uspid="1327" ordinal="197" offset="1493" sl="438" sc="53" el="438" ec="72" bec="0" bev="0" fileid="16" />
                <SequencePoint vc="0" uspid="1328" ordinal="198" offset="1499" sl="439" sc="49" el="439" ec="50" bec="0" bev="0" fileid="16" />
                <SequencePoint vc="0" uspid="1329" ordinal="199" offset="1500" sl="440" sc="49" el="440" ec="55" bec="0" bev="0" fileid="16" />
                <SequencePoint vc="0" uspid="1330" ordinal="200" offset="1502" sl="442" sc="41" el="442" ec="42" bec="0" bev="0" fileid="16" />
                <SequencePoint vc="0" uspid="1331" ordinal="201" offset="1503" sl="361" sc="41" el="361" ec="67" bec="2" bev="0" fileid="16" />
                <SequencePoint vc="0" uspid="1332" ordinal="202" offset="1523" sl="443" sc="37" el="443" ec="38" bec="0" bev="0" fileid="16" />
                <SequencePoint vc="0" uspid="1333" ordinal="203" offset="1524" sl="444" sc="37" el="444" ec="43" bec="0" bev="0" fileid="16" />
                <SequencePoint vc="0" uspid="1334" ordinal="204" offset="1529" sl="446" sc="37" el="446" ec="38" bec="0" bev="0" fileid="16" />
                <SequencePoint vc="0" uspid="1335" ordinal="205" offset="1535" sl="448" sc="41" el="448" ec="42" bec="0" bev="0" fileid="16" />
                <SequencePoint vc="0" uspid="1336" ordinal="206" offset="1536" sl="449" sc="45" el="449" ec="91" bec="0" bev="0" fileid="16" />
                <SequencePoint vc="0" uspid="1337" ordinal="207" offset="1544" sl="450" sc="45" el="450" ec="61" bec="0" bev="0" fileid="16" />
                <SequencePoint vc="0" uspid="1338" ordinal="208" offset="1550" sl="451" sc="45" el="456" ec="10" bec="0" bev="0" fileid="16" />
                <SequencePoint vc="0" uspid="1339" ordinal="209" offset="1561" sl="457" sc="45" el="457" ec="76" bec="0" bev="0" fileid="16" />
                <SequencePoint vc="0" uspid="1340" ordinal="210" offset="1567" sl="458" sc="45" el="458" ec="63" bec="6" bev="0" fileid="16" />
                <SequencePoint vc="0" uspid="1341" ordinal="211" offset="1618" sl="461" sc="53" el="461" ec="54" bec="0" bev="0" fileid="16" />
                <SequencePoint vc="0" uspid="1342" ordinal="212" offset="1619" sl="462" sc="57" el="462" ec="76" bec="0" bev="0" fileid="16" />
                <SequencePoint vc="0" uspid="1343" ordinal="213" offset="1627" sl="463" sc="57" el="463" ec="125" bec="0" bev="0" fileid="16" />
                <SequencePoint vc="0" uspid="1344" ordinal="214" offset="1638" sl="464" sc="57" el="464" ec="76" bec="0" bev="0" fileid="16" />
                <SequencePoint vc="0" uspid="1345" ordinal="215" offset="1644" sl="465" sc="53" el="465" ec="54" bec="0" bev="0" fileid="16" />
                <SequencePoint vc="0" uspid="1346" ordinal="216" offset="1645" sl="466" sc="53" el="466" ec="59" bec="0" bev="0" fileid="16" />
                <SequencePoint vc="0" uspid="1347" ordinal="217" offset="1647" sl="468" sc="53" el="468" ec="54" bec="0" bev="0" fileid="16" />
                <SequencePoint vc="0" uspid="1348" ordinal="218" offset="1648" sl="469" sc="57" el="469" ec="81" bec="0" bev="0" fileid="16" />
                <SequencePoint vc="0" uspid="1349" ordinal="219" offset="1656" sl="470" sc="57" el="470" ec="107" bec="0" bev="0" fileid="16" />
                <SequencePoint vc="0" uspid="1350" ordinal="220" offset="1667" sl="471" sc="57" el="471" ec="76" bec="0" bev="0" fileid="16" />
                <SequencePoint vc="0" uspid="1351" ordinal="221" offset="1675" sl="472" sc="57" el="472" ec="125" bec="0" bev="0" fileid="16" />
                <SequencePoint vc="0" uspid="1352" ordinal="222" offset="1686" sl="473" sc="57" el="473" ec="76" bec="0" bev="0" fileid="16" />
                <SequencePoint vc="0" uspid="1353" ordinal="223" offset="1692" sl="474" sc="53" el="474" ec="54" bec="0" bev="0" fileid="16" />
                <SequencePoint vc="0" uspid="1354" ordinal="224" offset="1693" sl="475" sc="53" el="475" ec="59" bec="0" bev="0" fileid="16" />
                <SequencePoint vc="0" uspid="1355" ordinal="225" offset="1695" sl="477" sc="53" el="477" ec="54" bec="0" bev="0" fileid="16" />
                <SequencePoint vc="0" uspid="1356" ordinal="226" offset="1696" sl="479" sc="53" el="479" ec="54" bec="0" bev="0" fileid="16" />
                <SequencePoint vc="0" uspid="1357" ordinal="227" offset="1697" sl="480" sc="53" el="480" ec="59" bec="0" bev="0" fileid="16" />
                <SequencePoint vc="0" uspid="1358" ordinal="228" offset="1699" sl="482" sc="41" el="482" ec="42" bec="0" bev="0" fileid="16" />
                <SequencePoint vc="0" uspid="1359" ordinal="229" offset="1700" sl="447" sc="41" el="447" ec="91" bec="4" bev="0" fileid="16" />
                <SequencePoint vc="0" uspid="1360" ordinal="230" offset="1736" sl="483" sc="37" el="483" ec="38" bec="0" bev="0" fileid="16" />
                <SequencePoint vc="0" uspid="1361" ordinal="231" offset="1737" sl="484" sc="37" el="484" ec="43" bec="0" bev="0" fileid="16" />
                <SequencePoint vc="0" uspid="1362" ordinal="232" offset="1739" sl="486" sc="25" el="486" ec="26" bec="0" bev="0" fileid="16" />
                <SequencePoint vc="0" uspid="1363" ordinal="233" offset="1740" sl="251" sc="25" el="251" ec="52" bec="2" bev="0" fileid="16" />
                <SequencePoint vc="0" uspid="1364" ordinal="234" offset="1760" sl="487" sc="21" el="487" ec="22" bec="0" bev="0" fileid="16" />
                <SequencePoint vc="0" uspid="1365" ordinal="235" offset="1761" sl="607" sc="17" el="607" ec="18" bec="0" bev="0" fileid="16" />
                <SequencePoint vc="0" uspid="1366" ordinal="236" offset="1762" sl="193" sc="17" el="193" ec="44" bec="2" bev="0" fileid="16" />
                <SequencePoint vc="0" uspid="1367" ordinal="237" offset="1782" sl="608" sc="17" el="608" ec="69" bec="0" bev="0" fileid="16" />
                <SequencePoint vc="0" uspid="1368" ordinal="238" offset="1793" sl="617" sc="9" el="617" ec="10" bec="0" bev="0" fileid="16" />
              </SequencePoints>
              <BranchPoints>
                <BranchPoint vc="0" uspid="1369" ordinal="0" offset="38" sl="197" path="0" offsetend="43" fileid="16" />
                <BranchPoint vc="0" uspid="1370" ordinal="1" offset="38" sl="197" path="1" offsetend="358" fileid="16" />
                <BranchPoint vc="0" uspid="1371" ordinal="2" offset="135" sl="210" path="0" offsetchain="156" offsetend="317" fileid="16" />
                <BranchPoint vc="0" uspid="1372" ordinal="3" offset="135" sl="210" path="1" offsetend="161" fileid="16" />
                <BranchPoint vc="0" uspid="1373" ordinal="4" offset="135" sl="210" path="2" offsetend="200" fileid="16" />
                <BranchPoint vc="0" uspid="1374" ordinal="5" offset="135" sl="210" path="3" offsetend="239" fileid="16" />
                <BranchPoint vc="0" uspid="1375" ordinal="6" offset="135" sl="210" path="4" offsetend="278" fileid="16" />
                <BranchPoint vc="0" uspid="1376" ordinal="7" offset="335" sl="206" path="0" offsetend="340" fileid="16" />
                <BranchPoint vc="0" uspid="1377" ordinal="8" offset="335" sl="206" path="1" offsetend="111" fileid="16" />
                <BranchPoint vc="0" uspid="1378" ordinal="9" offset="366" sl="249" path="0" offsetend="371" fileid="16" />
                <BranchPoint vc="0" uspid="1379" ordinal="10" offset="366" sl="249" path="1" offsetend="1761" fileid="16" />
                <BranchPoint vc="0" uspid="1380" ordinal="11" offset="420" sl="262" path="0" offsetend="422" fileid="16" />
                <BranchPoint vc="0" uspid="1381" ordinal="12" offset="420" sl="262" path="1" offsetend="478" fileid="16" />
                <BranchPoint vc="0" uspid="1382" ordinal="13" offset="434" sl="262" path="0" offsetend="439" fileid="16" />
                <BranchPoint vc="0" uspid="1383" ordinal="14" offset="434" sl="262" path="1" offsetend="771" fileid="16" />
                <BranchPoint vc="0" uspid="1384" ordinal="15" offset="451" sl="262" path="0" offsetend="456" fileid="16" />
                <BranchPoint vc="0" uspid="1385" ordinal="16" offset="451" sl="262" path="1" offsetend="1017" fileid="16" />
                <BranchPoint vc="0" uspid="1386" ordinal="17" offset="468" sl="262" path="0" offsetchain="473" offsetend="1739" fileid="16" />
                <BranchPoint vc="0" uspid="1387" ordinal="18" offset="468" sl="262" path="1" offsetend="1529" fileid="16" />
                <BranchPoint vc="0" uspid="1388" ordinal="19" offset="560" sl="276" path="0" offsetchain="581" offsetend="742" fileid="16" />
                <BranchPoint vc="0" uspid="1389" ordinal="20" offset="560" sl="276" path="1" offsetend="586" fileid="16" />
                <BranchPoint vc="0" uspid="1390" ordinal="21" offset="560" sl="276" path="2" offsetend="625" fileid="16" />
                <BranchPoint vc="0" uspid="1391" ordinal="22" offset="560" sl="276" path="3" offsetend="664" fileid="16" />
                <BranchPoint vc="0" uspid="1392" ordinal="23" offset="560" sl="276" path="4" offsetend="703" fileid="16" />
                <BranchPoint vc="0" uspid="1393" ordinal="24" offset="760" sl="271" path="0" offsetend="765" fileid="16" />
                <BranchPoint vc="0" uspid="1394" ordinal="25" offset="760" sl="271" path="1" offsetend="525" fileid="16" />
                <BranchPoint vc="0" uspid="1395" ordinal="26" offset="828" sl="327" path="0" offsetend="830" fileid="16" />
                <BranchPoint vc="0" uspid="1396" ordinal="27" offset="828" sl="327" path="1" offsetend="860" fileid="16" />
                <BranchPoint vc="0" uspid="1397" ordinal="28" offset="842" sl="327" path="0" offsetend="844" fileid="16" />
                <BranchPoint vc="0" uspid="1398" ordinal="29" offset="842" sl="327" path="1" offsetend="889" fileid="16" />
                <BranchPoint vc="0" uspid="1399" ordinal="30" offset="856" sl="327" path="0" offsetchain="858" offsetend="974" fileid="16" />
                <BranchPoint vc="0" uspid="1400" ordinal="31" offset="856" sl="327" path="1" offsetend="937" fileid="16" />
                <BranchPoint vc="0" uspid="1401" ordinal="32" offset="986" sl="317" path="0" offsetend="988" fileid="16" />
                <BranchPoint vc="0" uspid="1402" ordinal="33" offset="986" sl="317" path="1" offsetend="1001" fileid="16" />
                <BranchPoint vc="0" uspid="1403" ordinal="34" offset="1006" sl="317" path="0" offsetend="1011" fileid="16" />
                <BranchPoint vc="0" uspid="1404" ordinal="35" offset="1006" sl="317" path="1" offsetend="785" fileid="16" />
                <BranchPoint vc="0" uspid="1405" ordinal="36" offset="1074" sl="371" path="0" offsetend="1076" fileid="16" />
                <BranchPoint vc="0" uspid="1406" ordinal="37" offset="1074" sl="371" path="1" offsetend="1112" fileid="16" />
                <BranchPoint vc="0" uspid="1407" ordinal="38" offset="1088" sl="371" path="0" offsetend="1090" fileid="16" />
                <BranchPoint vc="0" uspid="1408" ordinal="39" offset="1088" sl="371" path="1" offsetend="1144" fileid="16" />
                <BranchPoint vc="0" uspid="1409" ordinal="40" offset="1102" sl="371" path="0" offsetchain="1107" offsetend="1502" fileid="16" />
                <BranchPoint vc="0" uspid="1410" ordinal="41" offset="1102" sl="371" path="1" offsetend="1465" fileid="16" />
                <BranchPoint vc="0" uspid="1411" ordinal="42" offset="1206" sl="390" path="0" offsetchain="1227" offsetend="1392" fileid="16" />
                <BranchPoint vc="0" uspid="1412" ordinal="43" offset="1206" sl="390" path="1" offsetend="1232" fileid="16" />
                <BranchPoint vc="0" uspid="1413" ordinal="44" offset="1206" sl="390" path="2" offsetend="1272" fileid="16" />
                <BranchPoint vc="0" uspid="1414" ordinal="45" offset="1206" sl="390" path="3" offsetend="1312" fileid="16" />
                <BranchPoint vc="0" uspid="1415" ordinal="46" offset="1206" sl="390" path="4" offsetend="1352" fileid="16" />
                <BranchPoint vc="0" uspid="1416" ordinal="47" offset="1411" sl="386" path="0" offsetend="1416" fileid="16" />
                <BranchPoint vc="0" uspid="1417" ordinal="48" offset="1411" sl="386" path="1" offsetend="1182" fileid="16" />
                <BranchPoint vc="0" uspid="1418" ordinal="49" offset="1518" sl="361" path="0" offsetend="1523" fileid="16" />
                <BranchPoint vc="0" uspid="1419" ordinal="50" offset="1518" sl="361" path="1" offsetend="1031" fileid="16" />
                <BranchPoint vc="0" uspid="1420" ordinal="51" offset="1586" sl="458" path="0" offsetend="1588" fileid="16" />
                <BranchPoint vc="0" uspid="1421" ordinal="52" offset="1586" sl="458" path="1" offsetend="1618" fileid="16" />
                <BranchPoint vc="0" uspid="1422" ordinal="53" offset="1600" sl="458" path="0" offsetend="1602" fileid="16" />
                <BranchPoint vc="0" uspid="1423" ordinal="54" offset="1600" sl="458" path="1" offsetend="1647" fileid="16" />
                <BranchPoint vc="0" uspid="1424" ordinal="55" offset="1614" sl="458" path="0" offsetchain="1616" offsetend="1699" fileid="16" />
                <BranchPoint vc="0" uspid="1425" ordinal="56" offset="1614" sl="458" path="1" offsetend="1695" fileid="16" />
                <BranchPoint vc="0" uspid="1426" ordinal="57" offset="1711" sl="447" path="0" offsetend="1713" fileid="16" />
                <BranchPoint vc="0" uspid="1427" ordinal="58" offset="1711" sl="447" path="1" offsetend="1726" fileid="16" />
                <BranchPoint vc="0" uspid="1428" ordinal="59" offset="1731" sl="447" path="0" offsetend="1736" fileid="16" />
                <BranchPoint vc="0" uspid="1429" ordinal="60" offset="1731" sl="447" path="1" offsetend="1535" fileid="16" />
                <BranchPoint vc="0" uspid="1430" ordinal="61" offset="1755" sl="251" path="0" offsetend="1760" fileid="16" />
                <BranchPoint vc="0" uspid="1431" ordinal="62" offset="1755" sl="251" path="1" offsetend="377" fileid="16" />
                <BranchPoint vc="0" uspid="1432" ordinal="63" offset="1777" sl="193" path="0" offsetend="1782" fileid="16" />
                <BranchPoint vc="0" uspid="1433" ordinal="64" offset="1777" sl="193" path="1" offsetend="18" fileid="16" />
              </BranchPoints>
              <MethodPoint xsi:type="SequencePoint" vc="0" uspid="1130" ordinal="0" offset="0" sl="14" sc="9" el="14" ec="10" bec="0" bev="0" fileid="16" />
            </Method>
            <Method visited="false" cyclomaticComplexity="1" nPathComplexity="0" sequenceCoverage="0" branchCoverage="0" crapScore="2" isConstructor="false" isStatic="true" isGetter="false" isSetter="false">
              <Summary numSequencePoints="11" visitedSequencePoints="0" numBranchPoints="1" visitedBranchPoints="0" sequenceCoverage="0" branchCoverage="0" maxCyclomaticComplexity="1" minCyclomaticComplexity="1" maxCrapScore="2" minCrapScore="2" visitedClasses="0" numClasses="0" visitedMethods="0" numMethods="1" />
              <MetadataToken>100663401</MetadataToken>
              <Name>System.Void ConsoleApp6.Program::Check(System.Int32&amp;)</Name>
              <FileRef uid="16" />
              <SequencePoints>
                <SequencePoint vc="0" uspid="1434" ordinal="0" offset="0" sl="1230" sc="17" el="1230" ec="18" bec="0" bev="0" fileid="16" />
                <SequencePoint vc="0" uspid="1435" ordinal="1" offset="1" sl="1232" sc="21" el="1232" ec="22" bec="0" bev="0" fileid="16" />
                <SequencePoint vc="0" uspid="1436" ordinal="2" offset="2" sl="1233" sc="25" el="1233" ec="63" bec="0" bev="0" fileid="16" />
                <SequencePoint vc="0" uspid="1437" ordinal="3" offset="8" sl="1234" sc="25" el="1234" ec="52" bec="0" bev="0" fileid="16" />
                <SequencePoint vc="0" uspid="1438" ordinal="4" offset="16" sl="1235" sc="21" el="1235" ec="22" bec="0" bev="0" fileid="16" />
                <SequencePoint vc="0" uspid="1439" ordinal="5" offset="19" sl="1236" sc="21" el="1236" ec="26" bec="0" bev="0" fileid="16" />
                <SequencePoint vc="0" uspid="1440" ordinal="6" offset="20" sl="1237" sc="21" el="1237" ec="22" bec="0" bev="0" fileid="16" />
                <SequencePoint vc="0" uspid="1441" ordinal="7" offset="21" sl="1238" sc="25" el="1238" ec="77" bec="0" bev="0" fileid="16" />
                <SequencePoint vc="0" uspid="1442" ordinal="8" offset="32" sl="1239" sc="25" el="1239" ec="40" bec="0" bev="0" fileid="16" />
                <SequencePoint vc="0" uspid="1443" ordinal="9" offset="39" sl="1240" sc="21" el="1240" ec="22" bec="0" bev="0" fileid="16" />
                <SequencePoint vc="0" uspid="1444" ordinal="10" offset="42" sl="1241" sc="17" el="1241" ec="18" bec="0" bev="0" fileid="16" />
              </SequencePoints>
              <BranchPoints />
              <MethodPoint xsi:type="SequencePoint" vc="0" uspid="1434" ordinal="0" offset="0" sl="1230" sc="17" el="1230" ec="18" bec="0" bev="0" fileid="16" />
            </Method>
            <Method visited="false" cyclomaticComplexity="1" nPathComplexity="0" sequenceCoverage="0" branchCoverage="0" crapScore="2" isConstructor="true" isStatic="false" isGetter="false" isSetter="false">
              <Summary numSequencePoints="0" visitedSequencePoints="0" numBranchPoints="0" visitedBranchPoints="0" sequenceCoverage="0" branchCoverage="0" maxCyclomaticComplexity="1" minCyclomaticComplexity="1" maxCrapScore="2" minCrapScore="2" visitedClasses="0" numClasses="0" visitedMethods="0" numMethods="0" />
              <MetadataToken>100663402</MetadataToken>
              <Name>System.Void ConsoleApp6.Program::.ctor()</Name>
              <SequencePoints />
              <BranchPoints />
              <MethodPoint vc="0" uspid="1445" ordinal="0" offset="0" />
            </Method>
            <Method visited="false" cyclomaticComplexity="1" nPathComplexity="0" sequenceCoverage="0" branchCoverage="0" crapScore="2" isConstructor="true" isStatic="true" isGetter="false" isSetter="false">
              <Summary numSequencePoints="1" visitedSequencePoints="0" numBranchPoints="1" visitedBranchPoints="0" sequenceCoverage="0" branchCoverage="0" maxCyclomaticComplexity="1" minCyclomaticComplexity="1" maxCrapScore="2" minCrapScore="2" visitedClasses="0" numClasses="0" visitedMethods="0" numMethods="1" />
              <MetadataToken>100663403</MetadataToken>
              <Name>System.Void ConsoleApp6.Program::.cctor()</Name>
              <FileRef uid="16" />
              <SequencePoints>
                <SequencePoint vc="0" uspid="1446" ordinal="0" offset="0" sl="12" sc="9" el="12" ec="43" bec="0" bev="0" fileid="16" />
              </SequencePoints>
              <BranchPoints />
              <MethodPoint xsi:type="SequencePoint" vc="0" uspid="1446" ordinal="0" offset="0" sl="12" sc="9" el="12" ec="43" bec="0" bev="0" fileid="16" />
            </Method>
          </Methods>
        </Class>
      </Classes>
    </Module>
  </Modules>
</CoverageSession>